[inst #1] auipc x1,0
Register Write to Reg: 0x01 Val: 0x00400000
[inst #2] addi x1,x1,28
Register Write to Reg: 0x01 Val: 0x0040001C
[inst #3] jalr x2,x1,0
Register Write to Reg: 0x02 Val: 0x0040000C
[inst #4] jalr x0,x2,0
Register Write to Reg: 0x00 Val: 0x00400020
[inst #5] addi x0,x0,0
Register Write to Reg: 0x00 Val: 0x00000000
[inst #6] addi x0,x0,0
Register Write to Reg: 0x00 Val: 0x00000000
[inst #7] addi x0,x0,0
Register Write to Reg: 0x00 Val: 0x00000000
[inst #8] jalr x3,x2,44
Register Write to Reg: 0x03 Val: 0x0040001C
[inst #9] addi x5,x0,0
Register Write to Reg: 0x05 Val: 0x00000000
[inst #10] wfi 

Program terminated by dropping off the bottom.
