[inst #1] addi x31,x0,0
Register Write to Reg: 0x1F Val: 0x00000000
[inst #2] addi x5,x0,0
Register Write to Reg: 0x05 Val: 0x00000000
[inst #3] addi x6,x0,1
Register Write to Reg: 0x06 Val: 0x00000001
[inst #4] jal x0,8
Register Write to Reg: 0x00 Val: 0x00400010
[inst #5] bgeu x6,x5,-4
[inst #6] addi x5,x5,1
Register Write to Reg: 0x05 Val: 0x00000001
[inst #7] bgeu x6,x5,-4
[inst #8] addi x5,x5,1
Register Write to Reg: 0x05 Val: 0x00000002
[inst #9] bgeu x6,x5,-4
[inst #10] addi x7,x0,2
Register Write to Reg: 0x07 Val: 0x00000002
[inst #11] beq x5,x7,12
[inst #12] addi x0,x0,0
Register Write to Reg: 0x00 Val: 0x00000000
[inst #13] addi x0,x0,0
Register Write to Reg: 0x00 Val: 0x00000000
[inst #14] wfi 

Program terminated by dropping off the bottom.
