[inst #1] addi x1,x0,-5
Register Write to Reg: 0x01 Val: 0xFFFFFFFB
[inst #2] addi x2,x0,-1
Register Write to Reg: 0x02 Val: 0xFFFFFFFF
[inst #3] addi x10,x0,0
Register Write to Reg: 0x0A Val: 0x00000000
[inst #4] blt x1,x2,8
[inst #5] addi x1,x0,-1
Register Write to Reg: 0x01 Val: 0xFFFFFFFF
[inst #6] addi x2,x0,-5
Register Write to Reg: 0x02 Val: 0xFFFFFFFB
[inst #7] addi x11,x0,0
Register Write to Reg: 0x0B Val: 0x00000000
[inst #8] blt x1,x2,16
[inst #9] addi x11,x0,1
Register Write to Reg: 0x0B Val: 0x00000001
[inst #10] addi x12,x0,0
Register Write to Reg: 0x0C Val: 0x00000000
[inst #11] addi x12,x0,0
Register Write to Reg: 0x0C Val: 0x00000000
[inst #12] addi x1,x0,-42
Register Write to Reg: 0x01 Val: 0xFFFFFFD6
[inst #13] addi x12,x0,0
Register Write to Reg: 0x0C Val: 0x00000000
[inst #14] blt x1,x1,16
[inst #15] addi x12,x0,1
Register Write to Reg: 0x0C Val: 0x00000001
[inst #16] addi x13,x0,0
Register Write to Reg: 0x0D Val: 0x00000000
[inst #17] addi x13,x0,0
Register Write to Reg: 0x0D Val: 0x00000000
[inst #18] addi x1,x0,-1
Register Write to Reg: 0x01 Val: 0xFFFFFFFF
[inst #19] addi x2,x0,0
Register Write to Reg: 0x02 Val: 0x00000000
[inst #20] addi x13,x0,0
Register Write to Reg: 0x0D Val: 0x00000000
[inst #21] blt x1,x2,8
[inst #22] addi x31,x0,0
Register Write to Reg: 0x1F Val: 0x00000000
[inst #23] wfi 

Program terminated by dropping off the bottom.
