[inst #1] addi x1,x0,3
Register Write to Reg: 0x01 Val: 0x00000003
[inst #2] addi x2,x0,0
Register Write to Reg: 0x02 Val: 0x00000000
[inst #3] beq x1,x2,12
[inst #4] addi x1,x1,-1
Register Write to Reg: 0x01 Val: 0x00000002
[inst #5] beq x0,x0,-8
[inst #6] beq x1,x2,12
[inst #7] addi x1,x1,-1
Register Write to Reg: 0x01 Val: 0x00000001
[inst #8] beq x0,x0,-8
[inst #9] beq x1,x2,12
[inst #10] addi x1,x1,-1
Register Write to Reg: 0x01 Val: 0x00000000
[inst #11] beq x0,x0,-8
[inst #12] beq x1,x2,12
[inst #13] addi x8,x0,170
Register Write to Reg: 0x08 Val: 0x000000AA
[inst #14] wfi 

Program terminated by dropping off the bottom.
