[inst #1] addi x5,x0,-1
Register Write to Reg: 0x05 Val: 0xFFFFFFFF
[inst #2] lui x6,349525
Register Write to Reg: 0x06 Val: 0x55555000
[inst #3] addi x6,x6,1365
Register Write to Reg: 0x06 Val: 0x55555555
[inst #4] and x10,x6,x5
Register Write to Reg: 0x0A Val: 0x55555555
[inst #5] addi x7,x0,8
Register Write to Reg: 0x07 Val: 0x00000008
[inst #6] and x11,x5,x7
Register Write to Reg: 0x0B Val: 0x00000008
[inst #7] lui x28,74565
Register Write to Reg: 0x1C Val: 0x12345000
[inst #8] addi x28,x28,1656
Register Write to Reg: 0x1C Val: 0x12345678
[inst #9] addi x29,x0,255
Register Write to Reg: 0x1D Val: 0x000000FF
[inst #10] and x12,x28,x29
Register Write to Reg: 0x0C Val: 0x00000078
[inst #11] wfi 

Program terminated by dropping off the bottom.
