In clock cycle: 0
Register Write to Reg: 0x01 Val: 0x10010000
In clock cycle: 1
Register Write to Reg: 0x01 Val: 0x10010000
In clock cycle: 2
Register Write to Reg: 0x00 Val: 0x00000001
In clock cycle: 3
Register Write to Reg: 0x02 Val: 0x00000000
In clock cycle: 4
Register Write to Reg: 0x03 Val: 0x00000001
In clock cycle: 5
Register Write to Reg: 0x04 Val: 0x00000001
In clock cycle: 6
Register Write to Reg: 0x14 Val: 0x00000001
In clock cycle: 7
Register Write to Reg: 0x1F Val: 0x00000001
In clock cycle: 8
Register Write to Reg: 0x1E Val: 0x00000001
In clock cycle: 9
Register Write to Reg: 0x15 Val: 0x00000004
In clock cycle: 10
Register Write to Reg: 0x0A Val: 0x10010000
In clock cycle: 11
Register Write to Reg: 0x0B Val: 0x00000001
In clock cycle: 12
Register Write to Reg: 0x03 Val: 0x00000001
Execution is stopping! Clock Cycle: 13
