[inst #1] lui x1,65552
Register Write to Reg: 0x01 Val: 0x10010000
[inst #2] addi x1,x1,0
Register Write to Reg: 0x01 Val: 0x10010000
[inst #3] lb x0,0(x1)
Register Write to Reg: 0x00 Val: 0x00000001
[inst #4] addi x2,x0,0
Register Write to Reg: 0x02 Val: 0x00000000
[inst #5] lb x3,0(x1)
Register Write to Reg: 0x03 Val: 0x00000001
[inst #6] lb x4,0(x1)
Register Write to Reg: 0x04 Val: 0x00000001
[inst #7] lb x20,1(x1)
Register Write to Reg: 0x14 Val: 0xFFFFFFFE
[inst #8] lb x31,3(x1)
Register Write to Reg: 0x1F Val: 0x0000007F
[inst #9] lb x30,2(x1)
Register Write to Reg: 0x1E Val: 0x00000000
[inst #10] addi x21,x20,3
Register Write to Reg: 0x15 Val: 0x00000001
[inst #11] add x10,x1,x0
Register Write to Reg: 0x0A Val: 0x10010000
[inst #12] lb x11,0(x10)
Register Write to Reg: 0x0B Val: 0x00000001
[inst #13] lb x3,1(x1)
Register Write to Reg: 0x03 Val: 0xFFFFFFFE
[inst #14] wfi 

Program terminated by dropping off the bottom.
