[inst #1] addi x1,x0,0
Register Write to Reg: 0x01 Val: 0x00000000
[inst #2] addi x2,x0,5
Register Write to Reg: 0x02 Val: 0x00000005
[inst #3] addi x3,x0,5
Register Write to Reg: 0x03 Val: 0x00000005
[inst #4] bgeu x2,x3,8
[inst #5] addi x2,x0,10
Register Write to Reg: 0x02 Val: 0x0000000A
[inst #6] addi x3,x0,3
Register Write to Reg: 0x03 Val: 0x00000003
[inst #7] bgeu x2,x3,8
[inst #8] addi x2,x0,3
Register Write to Reg: 0x02 Val: 0x00000003
[inst #9] addi x3,x0,10
Register Write to Reg: 0x03 Val: 0x0000000A
[inst #10] bgeu x2,x3,8
[inst #11] bgeu x0,x0,8
[inst #12] wfi 

Program terminated by dropping off the bottom.
