In clock cycle: 0
Register Write to Reg: 0x08 Val: 0x10010000
In clock cycle: 1
Register Write to Reg: 0x08 Val: 0x10010000
In clock cycle: 2
Register Write to Reg: 0x15 Val: 0x10010008
In clock cycle: 3
Register Write to Reg: 0x15 Val: 0x1001004C
In clock cycle: 4
Register Write to Reg: 0x15 Val: 0x00000013
In clock cycle: 5
Register Write to Reg: 0x12 Val: 0x00000001
In clock cycle: 6
Memory Write to Addr: 0x10010000 Val: 0x00000001
In clock cycle: 7
Memory Write to Addr: 0x10010004 Val: 0x00000001
In clock cycle: 8
Register Write to Reg: 0x09 Val: 0x00000011
In clock cycle: 9
Register Write to Reg: 0x13 Val: 0x00000001
In clock cycle: 10
Register Write to Reg: 0x14 Val: 0x00000001
In clock cycle: 11
Register Write to Reg: 0x12 Val: 0x00000002
In clock cycle: 12
Memory Write to Addr: 0x10010008 Val: 0x00000002
In clock cycle: 13
Register Write to Reg: 0x08 Val: 0x10010004
In clock cycle: 14
Register Write to Reg: 0x09 Val: 0x00000010
In clock cycle: 16
Register Write to Reg: 0x0A Val: 0x10010040
In clock cycle: 17
Register Write to Reg: 0x0A Val: 0x10010000
In clock cycle: 18
Register Write to Reg: 0x0B Val: 0x00000013
In clock cycle: 19
Register Write to Reg: 0x01 Val: 0x00400050
In clock cycle: 20
Register Write to Reg: 0x05 Val: 0x10010000
In clock cycle: 21
Register Write to Reg: 0x06 Val: 0x00000013
In clock cycle: 22
Register Write to Reg: 0x0A Val: 0x1001005C
In clock cycle: 23
Register Write to Reg: 0x0A Val: 0x10010052
In clock cycle: 24
Register Write to Reg: 0x11 Val: 0x00000004
In clock cycle: 26
Register Write to Reg: 0x0A Val: 0x00000001
In clock cycle: 27
Register Write to Reg: 0x11 Val: 0x00000001
In clock cycle: 29
Register Write to Reg: 0x0A Val: 0x10010078
In clock cycle: 30
Register Write to Reg: 0x0A Val: 0x10010050
In clock cycle: 31
Register Write to Reg: 0x11 Val: 0x00000004
In clock cycle: 33
Register Write to Reg: 0x05 Val: 0x10010004
In clock cycle: 34
Register Write to Reg: 0x06 Val: 0x00000012
In clock cycle: 36
Register Write to Reg: 0x00 Val: 0x00400098
In clock cycle: 37
Register Write to Reg: 0x00 Val: 0x00400054
Execution is stopping! Clock Cycle: 38
