In clock cycle: 0
Register Write to Reg: 0x05 Val: 0x10010000
In clock cycle: 1
Register Write to Reg: 0x05 Val: 0x10010000
In clock cycle: 2
Register Write to Reg: 0x06 Val: 0x00000011
In clock cycle: 3
Memory Write to Addr: 0x10010000 Val: 0xAAAAAA11
In clock cycle: 4
Register Write to Reg: 0x06 Val: 0x00000022
In clock cycle: 5
Memory Write to Addr: 0x10010001 Val: 0xAAAA2211
In clock cycle: 6
Register Write to Reg: 0x06 Val: 0x00000033
In clock cycle: 7
Memory Write to Addr: 0x10010002 Val: 0xAA332211
In clock cycle: 8
Register Write to Reg: 0x06 Val: 0x00000044
In clock cycle: 9
Memory Write to Addr: 0x10010003 Val: 0x44332211
In clock cycle: 10
Register Write to Reg: 0x07 Val: 0x44332211
Execution is stopping! Clock Cycle: 11
