[inst #1] lui x5,65552
Register Write to Reg: 0x05 Val: 0x10010000
[inst #2] addi x5,x5,0
Register Write to Reg: 0x05 Val: 0x10010000
[inst #3] addi x6,x0,17
Register Write to Reg: 0x06 Val: 0x00000011
[inst #4] sb x6,0(x5)
[inst #5] addi x6,x0,34
Register Write to Reg: 0x06 Val: 0x00000022
[inst #6] sb x6,1(x5)
[inst #7] addi x6,x0,51
Register Write to Reg: 0x06 Val: 0x00000033
[inst #8] sb x6,2(x5)
[inst #9] addi x6,x0,68
Register Write to Reg: 0x06 Val: 0x00000044
[inst #10] sb x6,3(x5)
[inst #11] lw x7,0(x5)
Register Write to Reg: 0x07 Val: 0x44332211
[inst #12] wfi 

Program terminated by dropping off the bottom.
