[inst #1] addi x1,x0,0
Register Write to Reg: 0x01 Val: 0x00000000
[inst #2] addi x2,x0,0
Register Write to Reg: 0x02 Val: 0x00000000
[inst #3] beq x1,x2,8
[inst #4] addi x1,x0,42
Register Write to Reg: 0x01 Val: 0x0000002A
[inst #5] addi x2,x0,42
Register Write to Reg: 0x02 Val: 0x0000002A
[inst #6] beq x1,x2,8
[inst #7] addi x1,x0,-1
Register Write to Reg: 0x01 Val: 0xFFFFFFFF
[inst #8] addi x2,x0,-1
Register Write to Reg: 0x02 Val: 0xFFFFFFFF
[inst #9] beq x1,x2,8
[inst #10] addi x1,x0,2047
Register Write to Reg: 0x01 Val: 0x000007FF
[inst #11] addi x2,x0,2047
Register Write to Reg: 0x02 Val: 0x000007FF
[inst #12] beq x1,x2,8
[inst #13] addi x1,x0,99
Register Write to Reg: 0x01 Val: 0x00000063
[inst #14] beq x1,x1,8
[inst #15] wfi 

Program terminated by dropping off the bottom.
