[inst #1] lui x1,65552
Register Write to Reg: 0x01 Val: 0x10010000
[inst #2] addi x1,x1,0
Register Write to Reg: 0x01 Val: 0x10010000
[inst #3] lb x2,0(x1)
Register Write to Reg: 0x02 Val: 0xFFFFFFEF
[inst #4] lb x3,1(x1)
Register Write to Reg: 0x03 Val: 0xFFFFFFBE
[inst #5] lb x4,2(x1)
Register Write to Reg: 0x04 Val: 0xFFFFFFAD
[inst #6] lb x5,3(x1)
Register Write to Reg: 0x05 Val: 0xFFFFFFDE
[inst #7] lui x6,65552
Register Write to Reg: 0x06 Val: 0x10010000
[inst #8] addi x6,x6,4
Register Write to Reg: 0x06 Val: 0x10010004
[inst #9] lb x7,0(x6)
Register Write to Reg: 0x07 Val: 0x00000078
[inst #10] lb x8,3(x6)
Register Write to Reg: 0x08 Val: 0x00000012
[inst #11] lb x9,4(x1)
Register Write to Reg: 0x09 Val: 0x00000078
[inst #12] lui x10,65552
Register Write to Reg: 0x0A Val: 0x10010000
[inst #13] addi x10,x10,12
Register Write to Reg: 0x0A Val: 0x1001000C
[inst #14] lb x11,-1(x10)
Register Write to Reg: 0x0B Val: 0x00000000
[inst #15] lb x12,0(x10)
Register Write to Reg: 0x0C Val: 0x00000055
[inst #16] lb x13,1(x10)
Register Write to Reg: 0x0D Val: 0xFFFFFFAA
[inst #17] wfi 

Program terminated by dropping off the bottom.
