[inst #1] addi x1,x0,0
Register Write to Reg: 0x01 Val: 0x00000000
[inst #2] addi x2,x0,0
Register Write to Reg: 0x02 Val: 0x00000000
[inst #3] addi x3,x0,-5
Register Write to Reg: 0x03 Val: 0xFFFFFFFB
[inst #4] addi x4,x0,-5
Register Write to Reg: 0x04 Val: 0xFFFFFFFB
[inst #5] addi x5,x0,-7
Register Write to Reg: 0x05 Val: 0xFFFFFFF9
[inst #6] addi x6,x0,12
Register Write to Reg: 0x06 Val: 0x0000000C
[inst #7] beq x1,x2,8
[inst #8] beq x6,x6,8
[inst #9] beq x3,x4,8
[inst #10] beq x3,x5,8
[inst #11] addi x7,x0,9
Register Write to Reg: 0x07 Val: 0x00000009
[inst #12] beq x1,x0,8
[inst #13] wfi 

Program terminated by dropping off the bottom.
