[inst #1] lui x1,65552
Register Write to Reg: 0x01 Val: 0x10010000
[inst #2] addi x1,x1,0
Register Write to Reg: 0x01 Val: 0x10010000
[inst #3] addi x5,x0,-1
Register Write to Reg: 0x05 Val: 0xFFFFFFFF
[inst #4] addi x6,x0,-1
Register Write to Reg: 0x06 Val: 0xFFFFFFFF
[inst #5] addi x7,x0,-1
Register Write to Reg: 0x07 Val: 0xFFFFFFFF
[inst #6] addi x8,x0,-1
Register Write to Reg: 0x08 Val: 0xFFFFFFFF
[inst #7] lbu x5,0(x1)
Register Write to Reg: 0x05 Val: 0x00000000
[inst #8] lbu x6,1(x1)
Register Write to Reg: 0x06 Val: 0x0000007F
[inst #9] lbu x7,2(x1)
Register Write to Reg: 0x07 Val: 0x00000080
[inst #10] lbu x8,3(x1)
Register Write to Reg: 0x08 Val: 0x000000FF
[inst #11] wfi 

Program terminated by dropping off the bottom.
