QuestaSim-64 vcom 2025.1_2 Compiler 2025.04 Apr  7 2025
Start time: 12:46:04 on Mar 31,2026
vcom -2008 -work internal/ModelSimContainer/work proj/src/RISCV_types.vhd internal/testpy/tb.vhd proj/src/RISCV_types.vhd proj/src/TopLevel/ALU.vhd proj/src/TopLevel/immGen.vhd proj/src/TopLevel/ALUCtl.vhd proj/src/TopLevel/RISCV_Processor.vhd proj/src/TopLevel/control.vhd proj/src/TopLevel/mem.vhd proj/src/TopLevel/Adder_Subtractor_N.vhd proj/src/TopLevel/barrelShifter.vhd proj/src/TopLevel/regfile.vhd proj/src/TopLevel/byteMd.vhd proj/src/TopLevel/reg_N.vhd proj/src/TopLevel/logicUnit.vhd proj/src/TopLevel/tb_ALU.vhd proj/src/TopLevel/dffg.vhd proj/src/TopLevel/bit_extender12_32.vhd proj/src/TopLevel/Gates/org2.vhd proj/src/TopLevel/Gates/andg2.vhd proj/src/TopLevel/Gates/xorg_N.vhd proj/src/TopLevel/Gates/xorg2.vhd proj/src/TopLevel/Gates/invg.vhd proj/src/TopLevel/Gates/org_N.vhd proj/src/TopLevel/Gates/inv_N.vhd proj/src/TopLevel/Gates/andg_N.vhd proj/src/TopLevel/Adder/fa.vhd proj/src/TopLevel/Adder/adder_N.vhd proj/src/TopLevel/Dataflow/mux2t1_N.vhd proj/src/TopLevel/Dataflow/decoder_5to32.vhd proj/src/TopLevel/Dataflow/mux_32to1_32bit.vhd proj/src/TopLevel/Dataflow/mux4t1_N.vhd 
-- Loading package STANDARD
-- Loading package TEXTIO
-- Loading package std_logic_1164
-- Compiling package RISCV_types
-- Compiling package body RISCV_types
-- Loading package RISCV_types
-- Loading package std_logic_textio
-- Loading package ENV
-- Compiling entity tb
-- Compiling architecture mixed of tb
** Warning: proj/src/RISCV_types.vhd(15): (vcom-1615) Existing package 'RISCV_types' at line 18 will be overwritten.
-- Compiling package RISCV_types
** Warning: proj/src/RISCV_types.vhd(32): (vcom-1615) Existing package body 'RISCV_types(body)' at line 32 will be overwritten.
-- Compiling package body RISCV_types
-- Loading package RISCV_types
-- Loading package NUMERIC_STD
-- Loading package ATTRIBUTES
-- Loading package std_logic_misc
-- Loading package RISCV_types
-- Compiling entity ALU
-- Compiling architecture structure of ALU
-- Compiling entity immGen
-- Compiling architecture dataflow of immGen
-- Compiling entity ALUCtl
-- Compiling architecture dataflow of ALUCtl
-- Compiling entity RISCV_Processor
-- Compiling architecture structure of RISCV_Processor
-- Compiling entity control
-- Compiling architecture dataflow of control
-- Compiling entity mem
-- Compiling architecture rtl of mem
-- Compiling entity Adder_Subtractor_N
-- Compiling architecture structural of Adder_Subtractor_N
-- Compiling entity barrelShifter
-- Compiling architecture structural of barrelShifter
-- Compiling entity regfile
-- Compiling architecture structural of regfile
-- Compiling entity byteMd
-- Compiling architecture dataflow of byteMd
-- Compiling entity reg_N
-- Compiling architecture structural of reg_N
-- Compiling entity logicUnit
-- Compiling architecture structural of logicUnit
-- Compiling entity tb_ALU
-- Compiling architecture behavior of tb_ALU
-- Compiling entity dffg
-- Compiling architecture mixed of dffg
-- Compiling entity bit_extender12_32
-- Compiling architecture dataflow of bit_extender12_32
-- Compiling entity org2
-- Compiling architecture dataflow of org2
-- Compiling entity andg2
-- Compiling architecture dataflow of andg2
-- Compiling entity xorg_N
-- Compiling architecture structural of xorg_N
-- Compiling entity xorg2
-- Compiling architecture dataflow of xorg2
-- Compiling entity invg
-- Compiling architecture dataflow of invg
-- Compiling entity org_N
-- Compiling architecture structural of org_N
-- Compiling entity inv_N
-- Compiling architecture structural of inv_N
-- Compiling entity andg_N
-- Compiling architecture structural of andg_N
-- Compiling entity fa
-- Compiling architecture structural of fa
-- Compiling entity adder_N
-- Compiling architecture structural of adder_N
-- Compiling entity mux2t1_N
-- Compiling architecture dataflow of mux2t1_N
-- Compiling entity decoder5to32
-- Compiling architecture dataflow of decoder5to32
-- Compiling entity mux_32to1_32bit
-- Compiling architecture dataflow of mux_32to1_32bit
-- Compiling entity mux4t1_N
-- Compiling architecture dataflow of mux4t1_N
End time: 12:46:05 on Mar 31,2026, Elapsed time: 0:00:01
Errors: 0, Warnings: 2
