[inst #1] lui x1,65552
Register Write to Reg: 0x01 Val: 0x10010000
[inst #2] addi x1,x1,0
Register Write to Reg: 0x01 Val: 0x10010000
[inst #3] lh x2,0(x1)
Register Write to Reg: 0x02 Val: 0x00000011
[inst #4] lh x3,2(x1)
Register Write to Reg: 0x03 Val: 0xFFFFFFFF
[inst #5] lh x4,8(x1)
Register Write to Reg: 0x04 Val: 0x00000055
[inst #6] addi x1,x1,12
Register Write to Reg: 0x01 Val: 0x1001000C
[inst #7] lh x5,-12(x1)
Register Write to Reg: 0x05 Val: 0x00000011
[inst #8] lh x7,-8(x1)
Register Write to Reg: 0x07 Val: 0x00000033
[inst #9] lh x10,-8(x1)
Register Write to Reg: 0x0A Val: 0x00000033
[inst #10] lh x15,-8(x1)
Register Write to Reg: 0x0F Val: 0x00000033
[inst #11] lh x2,-2(x1)
Register Write to Reg: 0x02 Val: 0x00000066
[inst #12] lh x6,0(x1)
Register Write to Reg: 0x06 Val: 0xFFFF8AAA
[inst #13] wfi 

Program terminated by dropping off the bottom.
