Info: *******************************************************************
Info: Running Quartus Prime Analysis & Synthesis
    Info: Version 20.1.1 Build 720 11/11/2020 SJ Standard Edition
    Info: Copyright (C) 2020  Intel Corporation. All rights reserved.
    Info: Your use of Intel Corporation's design tools, logic functions 
    Info: and other software and tools, and any partner logic 
    Info: functions, and any output files from any of the foregoing 
    Info: (including device programming or simulation files), and any 
    Info: associated documentation or information are expressly subject 
    Info: to the terms and conditions of the Intel Program License 
    Info: Subscription Agreement, the Intel Quartus Prime License Agreement,
    Info: the Intel FPGA IP License Agreement, or other applicable license
    Info: agreement, including, without limitation, that your use is for
    Info: the sole purpose of programming logic devices manufactured by
    Info: Intel and sold by Intel or its authorized distributors.  Please
    Info: refer to the applicable agreement for further details, at
    Info: https://fpgasoftware.intel.com/eula.
    Info: Processing started: Tue Mar 31 14:57:14 2026
Info: Command: quartus_map --read_settings_files=on --write_settings_files=off toolflow -c toolflow
Warning (18236): Number of processors has not been specified which may cause overloading on shared machines.  Set the global assignment NUM_PARALLEL_PROCESSORS in your QSF to an appropriate value for best performance.
Info (20030): Parallel compilation is enabled and will use 4 of the 4 processors detected
Info (12021): Found 2 design units, including 0 entities, in source file /home/jclark15/cpre381/RiscvProcessor/Project/cpre3810-toolflow/proj/src/RISCV_types.vhd
    Info (12022): Found design unit 1: RISCV_types File: /home/jclark15/cpre381/RiscvProcessor/Project/cpre3810-toolflow/proj/src/RISCV_types.vhd Line: 15
    Info (12022): Found design unit 2: RISCV_types-body File: /home/jclark15/cpre381/RiscvProcessor/Project/cpre3810-toolflow/proj/src/RISCV_types.vhd Line: 32
Info (12021): Found 2 design units, including 1 entities, in source file /home/jclark15/cpre381/RiscvProcessor/Project/cpre3810-toolflow/proj/src/TopLevel/ALU.vhd
    Info (12022): Found design unit 1: ALU-structure File: /home/jclark15/cpre381/RiscvProcessor/Project/cpre3810-toolflow/proj/src/TopLevel/ALU.vhd Line: 20
    Info (12023): Found entity 1: ALU File: /home/jclark15/cpre381/RiscvProcessor/Project/cpre3810-toolflow/proj/src/TopLevel/ALU.vhd Line: 9
Info (12021): Found 2 design units, including 1 entities, in source file /home/jclark15/cpre381/RiscvProcessor/Project/cpre3810-toolflow/proj/src/TopLevel/ALUCtl.vhd
    Info (12022): Found design unit 1: ALUCtl-dataflow File: /home/jclark15/cpre381/RiscvProcessor/Project/cpre3810-toolflow/proj/src/TopLevel/ALUCtl.vhd Line: 16
    Info (12023): Found entity 1: ALUCtl File: /home/jclark15/cpre381/RiscvProcessor/Project/cpre3810-toolflow/proj/src/TopLevel/ALUCtl.vhd Line: 9
Info (12021): Found 2 design units, including 1 entities, in source file /home/jclark15/cpre381/RiscvProcessor/Project/cpre3810-toolflow/proj/src/TopLevel/Adder/adder_N.vhd
    Info (12022): Found design unit 1: adder_N-structural File: /home/jclark15/cpre381/RiscvProcessor/Project/cpre3810-toolflow/proj/src/TopLevel/Adder/adder_N.vhd Line: 25
    Info (12023): Found entity 1: adder_N File: /home/jclark15/cpre381/RiscvProcessor/Project/cpre3810-toolflow/proj/src/TopLevel/Adder/adder_N.vhd Line: 14
Info (12021): Found 2 design units, including 1 entities, in source file /home/jclark15/cpre381/RiscvProcessor/Project/cpre3810-toolflow/proj/src/TopLevel/Adder/fa.vhd
    Info (12022): Found design unit 1: fa-structural File: /home/jclark15/cpre381/RiscvProcessor/Project/cpre3810-toolflow/proj/src/TopLevel/Adder/fa.vhd Line: 16
    Info (12023): Found entity 1: fa File: /home/jclark15/cpre381/RiscvProcessor/Project/cpre3810-toolflow/proj/src/TopLevel/Adder/fa.vhd Line: 9
Info (12021): Found 2 design units, including 1 entities, in source file /home/jclark15/cpre381/RiscvProcessor/Project/cpre3810-toolflow/proj/src/TopLevel/Adder_Subtractor_N.vhd
    Info (12022): Found design unit 1: Adder_Subtractor_N-structural File: /home/jclark15/cpre381/RiscvProcessor/Project/cpre3810-toolflow/proj/src/TopLevel/Adder_Subtractor_N.vhd Line: 20
    Info (12023): Found entity 1: Adder_Subtractor_N File: /home/jclark15/cpre381/RiscvProcessor/Project/cpre3810-toolflow/proj/src/TopLevel/Adder_Subtractor_N.vhd Line: 9
Info (12021): Found 2 design units, including 1 entities, in source file /home/jclark15/cpre381/RiscvProcessor/Project/cpre3810-toolflow/proj/src/TopLevel/Dataflow/decoder_5to32.vhd
    Info (12022): Found design unit 1: decoder5to32-dataflow File: /home/jclark15/cpre381/RiscvProcessor/Project/cpre3810-toolflow/proj/src/TopLevel/Dataflow/decoder_5to32.vhd Line: 16
    Info (12023): Found entity 1: decoder5to32 File: /home/jclark15/cpre381/RiscvProcessor/Project/cpre3810-toolflow/proj/src/TopLevel/Dataflow/decoder_5to32.vhd Line: 8
Info (12021): Found 2 design units, including 1 entities, in source file /home/jclark15/cpre381/RiscvProcessor/Project/cpre3810-toolflow/proj/src/TopLevel/Dataflow/mux2t1_N.vhd
    Info (12022): Found design unit 1: mux2t1_N-dataflow File: /home/jclark15/cpre381/RiscvProcessor/Project/cpre3810-toolflow/proj/src/TopLevel/Dataflow/mux2t1_N.vhd Line: 16
    Info (12023): Found entity 1: mux2t1_N File: /home/jclark15/cpre381/RiscvProcessor/Project/cpre3810-toolflow/proj/src/TopLevel/Dataflow/mux2t1_N.vhd Line: 4
Info (12021): Found 2 design units, including 1 entities, in source file /home/jclark15/cpre381/RiscvProcessor/Project/cpre3810-toolflow/proj/src/TopLevel/Dataflow/mux4t1_N.vhd
    Info (12022): Found design unit 1: mux4t1_N-dataflow File: /home/jclark15/cpre381/RiscvProcessor/Project/cpre3810-toolflow/proj/src/TopLevel/Dataflow/mux4t1_N.vhd Line: 18
    Info (12023): Found entity 1: mux4t1_N File: /home/jclark15/cpre381/RiscvProcessor/Project/cpre3810-toolflow/proj/src/TopLevel/Dataflow/mux4t1_N.vhd Line: 4
Info (12021): Found 2 design units, including 1 entities, in source file /home/jclark15/cpre381/RiscvProcessor/Project/cpre3810-toolflow/proj/src/TopLevel/Dataflow/mux_32to1_32bit.vhd
    Info (12022): Found design unit 1: mux_32to1_32bit-dataflow File: /home/jclark15/cpre381/RiscvProcessor/Project/cpre3810-toolflow/proj/src/TopLevel/Dataflow/mux_32to1_32bit.vhd Line: 48
    Info (12023): Found entity 1: mux_32to1_32bit File: /home/jclark15/cpre381/RiscvProcessor/Project/cpre3810-toolflow/proj/src/TopLevel/Dataflow/mux_32to1_32bit.vhd Line: 4
Info (12021): Found 2 design units, including 1 entities, in source file /home/jclark15/cpre381/RiscvProcessor/Project/cpre3810-toolflow/proj/src/TopLevel/Gates/andg2.vhd
    Info (12022): Found design unit 1: andg2-dataflow File: /home/jclark15/cpre381/RiscvProcessor/Project/cpre3810-toolflow/proj/src/TopLevel/Gates/andg2.vhd Line: 31
    Info (12023): Found entity 1: andg2 File: /home/jclark15/cpre381/RiscvProcessor/Project/cpre3810-toolflow/proj/src/TopLevel/Gates/andg2.vhd Line: 23
Info (12021): Found 2 design units, including 1 entities, in source file /home/jclark15/cpre381/RiscvProcessor/Project/cpre3810-toolflow/proj/src/TopLevel/Gates/andg_N.vhd
    Info (12022): Found design unit 1: andg_N-structural File: /home/jclark15/cpre381/RiscvProcessor/Project/cpre3810-toolflow/proj/src/TopLevel/Gates/andg_N.vhd Line: 15
    Info (12023): Found entity 1: andg_N File: /home/jclark15/cpre381/RiscvProcessor/Project/cpre3810-toolflow/proj/src/TopLevel/Gates/andg_N.vhd Line: 4
Info (12021): Found 2 design units, including 1 entities, in source file /home/jclark15/cpre381/RiscvProcessor/Project/cpre3810-toolflow/proj/src/TopLevel/Gates/inv_N.vhd
    Info (12022): Found design unit 1: inv_N-structural File: /home/jclark15/cpre381/RiscvProcessor/Project/cpre3810-toolflow/proj/src/TopLevel/Gates/inv_N.vhd Line: 14
    Info (12023): Found entity 1: inv_N File: /home/jclark15/cpre381/RiscvProcessor/Project/cpre3810-toolflow/proj/src/TopLevel/Gates/inv_N.vhd Line: 4
Info (12021): Found 2 design units, including 1 entities, in source file /home/jclark15/cpre381/RiscvProcessor/Project/cpre3810-toolflow/proj/src/TopLevel/Gates/invg.vhd
    Info (12022): Found design unit 1: invg-dataflow File: /home/jclark15/cpre381/RiscvProcessor/Project/cpre3810-toolflow/proj/src/TopLevel/Gates/invg.vhd Line: 30
    Info (12023): Found entity 1: invg File: /home/jclark15/cpre381/RiscvProcessor/Project/cpre3810-toolflow/proj/src/TopLevel/Gates/invg.vhd Line: 23
Info (12021): Found 2 design units, including 1 entities, in source file /home/jclark15/cpre381/RiscvProcessor/Project/cpre3810-toolflow/proj/src/TopLevel/Gates/org2.vhd
    Info (12022): Found design unit 1: org2-dataflow File: /home/jclark15/cpre381/RiscvProcessor/Project/cpre3810-toolflow/proj/src/TopLevel/Gates/org2.vhd Line: 31
    Info (12023): Found entity 1: org2 File: /home/jclark15/cpre381/RiscvProcessor/Project/cpre3810-toolflow/proj/src/TopLevel/Gates/org2.vhd Line: 23
Info (12021): Found 2 design units, including 1 entities, in source file /home/jclark15/cpre381/RiscvProcessor/Project/cpre3810-toolflow/proj/src/TopLevel/Gates/org_N.vhd
    Info (12022): Found design unit 1: org_N-structural File: /home/jclark15/cpre381/RiscvProcessor/Project/cpre3810-toolflow/proj/src/TopLevel/Gates/org_N.vhd Line: 15
    Info (12023): Found entity 1: org_N File: /home/jclark15/cpre381/RiscvProcessor/Project/cpre3810-toolflow/proj/src/TopLevel/Gates/org_N.vhd Line: 4
Info (12021): Found 2 design units, including 1 entities, in source file /home/jclark15/cpre381/RiscvProcessor/Project/cpre3810-toolflow/proj/src/TopLevel/Gates/xorg2.vhd
    Info (12022): Found design unit 1: xorg2-dataflow File: /home/jclark15/cpre381/RiscvProcessor/Project/cpre3810-toolflow/proj/src/TopLevel/Gates/xorg2.vhd Line: 31
    Info (12023): Found entity 1: xorg2 File: /home/jclark15/cpre381/RiscvProcessor/Project/cpre3810-toolflow/proj/src/TopLevel/Gates/xorg2.vhd Line: 23
Info (12021): Found 2 design units, including 1 entities, in source file /home/jclark15/cpre381/RiscvProcessor/Project/cpre3810-toolflow/proj/src/TopLevel/Gates/xorg_N.vhd
    Info (12022): Found design unit 1: xorg_N-structural File: /home/jclark15/cpre381/RiscvProcessor/Project/cpre3810-toolflow/proj/src/TopLevel/Gates/xorg_N.vhd Line: 15
    Info (12023): Found entity 1: xorg_N File: /home/jclark15/cpre381/RiscvProcessor/Project/cpre3810-toolflow/proj/src/TopLevel/Gates/xorg_N.vhd Line: 4
Info (12021): Found 2 design units, including 1 entities, in source file /home/jclark15/cpre381/RiscvProcessor/Project/cpre3810-toolflow/proj/src/TopLevel/RISCV_Processor.vhd
    Info (12022): Found design unit 1: RISCV_Processor-structure File: /home/jclark15/cpre381/RiscvProcessor/Project/cpre3810-toolflow/proj/src/TopLevel/RISCV_Processor.vhd Line: 38
    Info (12023): Found entity 1: RISCV_Processor File: /home/jclark15/cpre381/RiscvProcessor/Project/cpre3810-toolflow/proj/src/TopLevel/RISCV_Processor.vhd Line: 26
Info (12021): Found 2 design units, including 1 entities, in source file /home/jclark15/cpre381/RiscvProcessor/Project/cpre3810-toolflow/proj/src/TopLevel/barrelShifter.vhd
    Info (12022): Found design unit 1: barrelShifter-structural File: /home/jclark15/cpre381/RiscvProcessor/Project/cpre3810-toolflow/proj/src/TopLevel/barrelShifter.vhd Line: 18
    Info (12023): Found entity 1: barrelShifter File: /home/jclark15/cpre381/RiscvProcessor/Project/cpre3810-toolflow/proj/src/TopLevel/barrelShifter.vhd Line: 9
Info (12021): Found 2 design units, including 1 entities, in source file /home/jclark15/cpre381/RiscvProcessor/Project/cpre3810-toolflow/proj/src/TopLevel/bit_extender12_32.vhd
    Info (12022): Found design unit 1: bit_extender12_32-dataflow File: /home/jclark15/cpre381/RiscvProcessor/Project/cpre3810-toolflow/proj/src/TopLevel/bit_extender12_32.vhd Line: 23
    Info (12023): Found entity 1: bit_extender12_32 File: /home/jclark15/cpre381/RiscvProcessor/Project/cpre3810-toolflow/proj/src/TopLevel/bit_extender12_32.vhd Line: 5
Info (12021): Found 2 design units, including 1 entities, in source file /home/jclark15/cpre381/RiscvProcessor/Project/cpre3810-toolflow/proj/src/TopLevel/byteMd.vhd
    Info (12022): Found design unit 1: byteMd-dataflow File: /home/jclark15/cpre381/RiscvProcessor/Project/cpre3810-toolflow/proj/src/TopLevel/byteMd.vhd Line: 18
    Info (12023): Found entity 1: byteMd File: /home/jclark15/cpre381/RiscvProcessor/Project/cpre3810-toolflow/proj/src/TopLevel/byteMd.vhd Line: 8
Info (12021): Found 2 design units, including 1 entities, in source file /home/jclark15/cpre381/RiscvProcessor/Project/cpre3810-toolflow/proj/src/TopLevel/control.vhd
    Info (12022): Found design unit 1: control-dataflow File: /home/jclark15/cpre381/RiscvProcessor/Project/cpre3810-toolflow/proj/src/TopLevel/control.vhd Line: 27
    Info (12023): Found entity 1: control File: /home/jclark15/cpre381/RiscvProcessor/Project/cpre3810-toolflow/proj/src/TopLevel/control.vhd Line: 9
Info (12021): Found 2 design units, including 1 entities, in source file /home/jclark15/cpre381/RiscvProcessor/Project/cpre3810-toolflow/proj/src/TopLevel/dffg.vhd
    Info (12022): Found design unit 1: dffg-mixed File: /home/jclark15/cpre381/RiscvProcessor/Project/cpre3810-toolflow/proj/src/TopLevel/dffg.vhd Line: 33
    Info (12023): Found entity 1: dffg File: /home/jclark15/cpre381/RiscvProcessor/Project/cpre3810-toolflow/proj/src/TopLevel/dffg.vhd Line: 23
Info (12021): Found 2 design units, including 1 entities, in source file /home/jclark15/cpre381/RiscvProcessor/Project/cpre3810-toolflow/proj/src/TopLevel/immGen.vhd
    Info (12022): Found design unit 1: immGen-dataflow File: /home/jclark15/cpre381/RiscvProcessor/Project/cpre3810-toolflow/proj/src/TopLevel/immGen.vhd Line: 15
    Info (12023): Found entity 1: immGen File: /home/jclark15/cpre381/RiscvProcessor/Project/cpre3810-toolflow/proj/src/TopLevel/immGen.vhd Line: 8
Info (12021): Found 2 design units, including 1 entities, in source file /home/jclark15/cpre381/RiscvProcessor/Project/cpre3810-toolflow/proj/src/TopLevel/logicUnit.vhd
    Info (12022): Found design unit 1: logicUnit-structural File: /home/jclark15/cpre381/RiscvProcessor/Project/cpre3810-toolflow/proj/src/TopLevel/logicUnit.vhd Line: 19
    Info (12023): Found entity 1: logicUnit File: /home/jclark15/cpre381/RiscvProcessor/Project/cpre3810-toolflow/proj/src/TopLevel/logicUnit.vhd Line: 9
Info (12021): Found 2 design units, including 1 entities, in source file /home/jclark15/cpre381/RiscvProcessor/Project/cpre3810-toolflow/proj/src/TopLevel/mem.vhd
    Info (12022): Found design unit 1: mem-rtl File: /home/jclark15/cpre381/RiscvProcessor/Project/cpre3810-toolflow/proj/src/TopLevel/mem.vhd Line: 27
    Info (12023): Found entity 1: mem File: /home/jclark15/cpre381/RiscvProcessor/Project/cpre3810-toolflow/proj/src/TopLevel/mem.vhd Line: 8
Info (12021): Found 2 design units, including 1 entities, in source file /home/jclark15/cpre381/RiscvProcessor/Project/cpre3810-toolflow/proj/src/TopLevel/reg_N.vhd
    Info (12022): Found design unit 1: reg_N-structural File: /home/jclark15/cpre381/RiscvProcessor/Project/cpre3810-toolflow/proj/src/TopLevel/reg_N.vhd Line: 16
    Info (12023): Found entity 1: reg_N File: /home/jclark15/cpre381/RiscvProcessor/Project/cpre3810-toolflow/proj/src/TopLevel/reg_N.vhd Line: 5
Info (12021): Found 2 design units, including 1 entities, in source file /home/jclark15/cpre381/RiscvProcessor/Project/cpre3810-toolflow/proj/src/TopLevel/regfile.vhd
    Info (12022): Found design unit 1: regfile-structural File: /home/jclark15/cpre381/RiscvProcessor/Project/cpre3810-toolflow/proj/src/TopLevel/regfile.vhd Line: 18
    Info (12023): Found entity 1: regfile File: /home/jclark15/cpre381/RiscvProcessor/Project/cpre3810-toolflow/proj/src/TopLevel/regfile.vhd Line: 4
Info (12127): Elaborating entity "RISCV_Processor" for the top level hierarchy
Warning (10036): Verilog HDL or VHDL warning at RISCV_Processor.vhd(57): object "s_Halt" assigned a value but never read File: /home/jclark15/cpre381/RiscvProcessor/Project/cpre3810-toolflow/proj/src/TopLevel/RISCV_Processor.vhd Line: 57
Warning (10036): Verilog HDL or VHDL warning at RISCV_Processor.vhd(60): object "s_Ovfl" assigned a value but never read File: /home/jclark15/cpre381/RiscvProcessor/Project/cpre3810-toolflow/proj/src/TopLevel/RISCV_Processor.vhd Line: 60
Info (12128): Elaborating entity "mem" for hierarchy "mem:IMem" File: /home/jclark15/cpre381/RiscvProcessor/Project/cpre3810-toolflow/proj/src/TopLevel/RISCV_Processor.vhd Line: 315
Info (12128): Elaborating entity "control" for hierarchy "control:ControlMod" File: /home/jclark15/cpre381/RiscvProcessor/Project/cpre3810-toolflow/proj/src/TopLevel/RISCV_Processor.vhd Line: 341
Info (12128): Elaborating entity "mux4t1_N" for hierarchy "mux4t1_N:WriteBackMux" File: /home/jclark15/cpre381/RiscvProcessor/Project/cpre3810-toolflow/proj/src/TopLevel/RISCV_Processor.vhd Line: 363
Info (12128): Elaborating entity "regfile" for hierarchy "regfile:RegisterFile" File: /home/jclark15/cpre381/RiscvProcessor/Project/cpre3810-toolflow/proj/src/TopLevel/RISCV_Processor.vhd Line: 383
Info (12128): Elaborating entity "decoder5to32" for hierarchy "regfile:RegisterFile|decoder5to32:DECODER" File: /home/jclark15/cpre381/RiscvProcessor/Project/cpre3810-toolflow/proj/src/TopLevel/regfile.vhd Line: 63
Info (12128): Elaborating entity "reg_N" for hierarchy "regfile:RegisterFile|reg_N:REG_0" File: /home/jclark15/cpre381/RiscvProcessor/Project/cpre3810-toolflow/proj/src/TopLevel/regfile.vhd Line: 71
Info (12128): Elaborating entity "dffg" for hierarchy "regfile:RegisterFile|reg_N:REG_0|dffg:\GEN_REG:0:DFFI" File: /home/jclark15/cpre381/RiscvProcessor/Project/cpre3810-toolflow/proj/src/TopLevel/reg_N.vhd Line: 32
Info (12128): Elaborating entity "mux_32to1_32bit" for hierarchy "regfile:RegisterFile|mux_32to1_32bit:MUX_RS1" File: /home/jclark15/cpre381/RiscvProcessor/Project/cpre3810-toolflow/proj/src/TopLevel/regfile.vhd Line: 95
Info (12128): Elaborating entity "mux2t1_N" for hierarchy "mux2t1_N:BranchJumpSel" File: /home/jclark15/cpre381/RiscvProcessor/Project/cpre3810-toolflow/proj/src/TopLevel/RISCV_Processor.vhd Line: 400
Info (12128): Elaborating entity "adder_N" for hierarchy "adder_N:PCIncAdder" File: /home/jclark15/cpre381/RiscvProcessor/Project/cpre3810-toolflow/proj/src/TopLevel/RISCV_Processor.vhd Line: 438
Info (12128): Elaborating entity "fa" for hierarchy "adder_N:PCIncAdder|fa:\gen_FA:0:U_FA" File: /home/jclark15/cpre381/RiscvProcessor/Project/cpre3810-toolflow/proj/src/TopLevel/Adder/adder_N.vhd Line: 38
Info (12128): Elaborating entity "xorg2" for hierarchy "adder_N:PCIncAdder|fa:\gen_FA:0:U_FA|xorg2:XOR1" File: /home/jclark15/cpre381/RiscvProcessor/Project/cpre3810-toolflow/proj/src/TopLevel/Adder/fa.vhd Line: 42
Info (12128): Elaborating entity "andg2" for hierarchy "adder_N:PCIncAdder|fa:\gen_FA:0:U_FA|andg2:AND1" File: /home/jclark15/cpre381/RiscvProcessor/Project/cpre3810-toolflow/proj/src/TopLevel/Adder/fa.vhd Line: 46
Info (12128): Elaborating entity "org2" for hierarchy "adder_N:PCIncAdder|fa:\gen_FA:0:U_FA|org2:OR1" File: /home/jclark15/cpre381/RiscvProcessor/Project/cpre3810-toolflow/proj/src/TopLevel/Adder/fa.vhd Line: 48
Info (12128): Elaborating entity "byteMd" for hierarchy "byteMd:ByteModule" File: /home/jclark15/cpre381/RiscvProcessor/Project/cpre3810-toolflow/proj/src/TopLevel/RISCV_Processor.vhd Line: 478
Info (12128): Elaborating entity "ALUCtl" for hierarchy "ALUCtl:ALUControl" File: /home/jclark15/cpre381/RiscvProcessor/Project/cpre3810-toolflow/proj/src/TopLevel/RISCV_Processor.vhd Line: 494
Info (12128): Elaborating entity "ALU" for hierarchy "ALU:RISCVALU" File: /home/jclark15/cpre381/RiscvProcessor/Project/cpre3810-toolflow/proj/src/TopLevel/RISCV_Processor.vhd Line: 518
Info (12128): Elaborating entity "barrelShifter" for hierarchy "ALU:RISCVALU|barrelShifter:U_barrelShifter" File: /home/jclark15/cpre381/RiscvProcessor/Project/cpre3810-toolflow/proj/src/TopLevel/ALU.vhd Line: 162
Info (12128): Elaborating entity "Adder_Subtractor_N" for hierarchy "ALU:RISCVALU|Adder_Subtractor_N:U_adderSubtractor" File: /home/jclark15/cpre381/RiscvProcessor/Project/cpre3810-toolflow/proj/src/TopLevel/ALU.vhd Line: 170
Info (12128): Elaborating entity "xorg_N" for hierarchy "ALU:RISCVALU|Adder_Subtractor_N:U_adderSubtractor|xorg_N:U_XOR" File: /home/jclark15/cpre381/RiscvProcessor/Project/cpre3810-toolflow/proj/src/TopLevel/Adder_Subtractor_N.vhd Line: 55
Info (12128): Elaborating entity "logicUnit" for hierarchy "ALU:RISCVALU|logicUnit:U_logicUnit" File: /home/jclark15/cpre381/RiscvProcessor/Project/cpre3810-toolflow/proj/src/TopLevel/ALU.vhd Line: 248
Info (12128): Elaborating entity "andg_N" for hierarchy "ALU:RISCVALU|logicUnit:U_logicUnit|andg_N:U_AND" File: /home/jclark15/cpre381/RiscvProcessor/Project/cpre3810-toolflow/proj/src/TopLevel/logicUnit.vhd Line: 101
Info (12128): Elaborating entity "org_N" for hierarchy "ALU:RISCVALU|logicUnit:U_logicUnit|org_N:U_OR" File: /home/jclark15/cpre381/RiscvProcessor/Project/cpre3810-toolflow/proj/src/TopLevel/logicUnit.vhd Line: 112
Info (12128): Elaborating entity "immGen" for hierarchy "immGen:ImmediateGen" File: /home/jclark15/cpre381/RiscvProcessor/Project/cpre3810-toolflow/proj/src/TopLevel/RISCV_Processor.vhd Line: 549
Info (276014): Found 3 instances of uninferred RAM logic
    Info (276007): RAM logic "mem:IMem|ram" is uninferred due to asynchronous read logic File: /home/jclark15/cpre381/RiscvProcessor/Project/cpre3810-toolflow/proj/src/TopLevel/mem.vhd Line: 35
    Info (276007): RAM logic "mem:DMem|ram" is uninferred due to asynchronous read logic File: /home/jclark15/cpre381/RiscvProcessor/Project/cpre3810-toolflow/proj/src/TopLevel/mem.vhd Line: 35
    Info (276007): RAM logic "regfile:RegisterFile|decoder5to32:DECODER|Ram0" is uninferred due to asynchronous read logic File: /home/jclark15/cpre381/RiscvProcessor/Project/cpre3810-toolflow/proj/src/TopLevel/Dataflow/decoder_5to32.vhd Line: 21
Warning (276002): Cannot convert all sets of registers into RAM megafunctions when creating nodes; therefore, the resulting number of registers remaining in design can cause longer compilation time or result in insufficient memory to complete Analysis and Synthesis
Info (286030): Timing-Driven Synthesis is running
Info (16010): Generating hard_block partition "hard_block:auto_generated_inst"
    Info (16011): Adding 0 node(s), including 0 DDIO, 0 PLL, 0 transceiver and 0 LCELL
Warning (21074): Design contains 22 input pin(s) that do not drive logic
    Warning (15610): No output dependent on input pin "iInstAddr[0]" File: /home/jclark15/cpre381/RiscvProcessor/Project/cpre3810-toolflow/proj/src/TopLevel/RISCV_Processor.vhd Line: 31
    Warning (15610): No output dependent on input pin "iInstAddr[1]" File: /home/jclark15/cpre381/RiscvProcessor/Project/cpre3810-toolflow/proj/src/TopLevel/RISCV_Processor.vhd Line: 31
    Warning (15610): No output dependent on input pin "iInstAddr[12]" File: /home/jclark15/cpre381/RiscvProcessor/Project/cpre3810-toolflow/proj/src/TopLevel/RISCV_Processor.vhd Line: 31
    Warning (15610): No output dependent on input pin "iInstAddr[13]" File: /home/jclark15/cpre381/RiscvProcessor/Project/cpre3810-toolflow/proj/src/TopLevel/RISCV_Processor.vhd Line: 31
    Warning (15610): No output dependent on input pin "iInstAddr[14]" File: /home/jclark15/cpre381/RiscvProcessor/Project/cpre3810-toolflow/proj/src/TopLevel/RISCV_Processor.vhd Line: 31
    Warning (15610): No output dependent on input pin "iInstAddr[15]" File: /home/jclark15/cpre381/RiscvProcessor/Project/cpre3810-toolflow/proj/src/TopLevel/RISCV_Processor.vhd Line: 31
    Warning (15610): No output dependent on input pin "iInstAddr[16]" File: /home/jclark15/cpre381/RiscvProcessor/Project/cpre3810-toolflow/proj/src/TopLevel/RISCV_Processor.vhd Line: 31
    Warning (15610): No output dependent on input pin "iInstAddr[17]" File: /home/jclark15/cpre381/RiscvProcessor/Project/cpre3810-toolflow/proj/src/TopLevel/RISCV_Processor.vhd Line: 31
    Warning (15610): No output dependent on input pin "iInstAddr[18]" File: /home/jclark15/cpre381/RiscvProcessor/Project/cpre3810-toolflow/proj/src/TopLevel/RISCV_Processor.vhd Line: 31
    Warning (15610): No output dependent on input pin "iInstAddr[19]" File: /home/jclark15/cpre381/RiscvProcessor/Project/cpre3810-toolflow/proj/src/TopLevel/RISCV_Processor.vhd Line: 31
    Warning (15610): No output dependent on input pin "iInstAddr[20]" File: /home/jclark15/cpre381/RiscvProcessor/Project/cpre3810-toolflow/proj/src/TopLevel/RISCV_Processor.vhd Line: 31
    Warning (15610): No output dependent on input pin "iInstAddr[21]" File: /home/jclark15/cpre381/RiscvProcessor/Project/cpre3810-toolflow/proj/src/TopLevel/RISCV_Processor.vhd Line: 31
    Warning (15610): No output dependent on input pin "iInstAddr[22]" File: /home/jclark15/cpre381/RiscvProcessor/Project/cpre3810-toolflow/proj/src/TopLevel/RISCV_Processor.vhd Line: 31
    Warning (15610): No output dependent on input pin "iInstAddr[23]" File: /home/jclark15/cpre381/RiscvProcessor/Project/cpre3810-toolflow/proj/src/TopLevel/RISCV_Processor.vhd Line: 31
    Warning (15610): No output dependent on input pin "iInstAddr[24]" File: /home/jclark15/cpre381/RiscvProcessor/Project/cpre3810-toolflow/proj/src/TopLevel/RISCV_Processor.vhd Line: 31
    Warning (15610): No output dependent on input pin "iInstAddr[25]" File: /home/jclark15/cpre381/RiscvProcessor/Project/cpre3810-toolflow/proj/src/TopLevel/RISCV_Processor.vhd Line: 31
    Warning (15610): No output dependent on input pin "iInstAddr[26]" File: /home/jclark15/cpre381/RiscvProcessor/Project/cpre3810-toolflow/proj/src/TopLevel/RISCV_Processor.vhd Line: 31
    Warning (15610): No output dependent on input pin "iInstAddr[27]" File: /home/jclark15/cpre381/RiscvProcessor/Project/cpre3810-toolflow/proj/src/TopLevel/RISCV_Processor.vhd Line: 31
    Warning (15610): No output dependent on input pin "iInstAddr[28]" File: /home/jclark15/cpre381/RiscvProcessor/Project/cpre3810-toolflow/proj/src/TopLevel/RISCV_Processor.vhd Line: 31
    Warning (15610): No output dependent on input pin "iInstAddr[29]" File: /home/jclark15/cpre381/RiscvProcessor/Project/cpre3810-toolflow/proj/src/TopLevel/RISCV_Processor.vhd Line: 31
    Warning (15610): No output dependent on input pin "iInstAddr[30]" File: /home/jclark15/cpre381/RiscvProcessor/Project/cpre3810-toolflow/proj/src/TopLevel/RISCV_Processor.vhd Line: 31
    Warning (15610): No output dependent on input pin "iInstAddr[31]" File: /home/jclark15/cpre381/RiscvProcessor/Project/cpre3810-toolflow/proj/src/TopLevel/RISCV_Processor.vhd Line: 31
Info (21057): Implemented 114896 device resources after synthesis - the final resource count might be different
    Info (21058): Implemented 67 input pins
    Info (21059): Implemented 32 output pins
    Info (21061): Implemented 114797 logic cells
Info: Quartus Prime Analysis & Synthesis was successful. 0 errors, 27 warnings
    Info: Peak virtual memory: 1148 megabytes
    Info: Processing ended: Tue Mar 31 15:02:08 2026
    Info: Elapsed time: 00:04:54
    Info: Total CPU time (on all processors): 00:04:54
Info: *******************************************************************
Info: Running Quartus Prime Fitter
    Info: Version 20.1.1 Build 720 11/11/2020 SJ Standard Edition
    Info: Copyright (C) 2020  Intel Corporation. All rights reserved.
    Info: Your use of Intel Corporation's design tools, logic functions 
    Info: and other software and tools, and any partner logic 
    Info: functions, and any output files from any of the foregoing 
    Info: (including device programming or simulation files), and any 
    Info: associated documentation or information are expressly subject 
    Info: to the terms and conditions of the Intel Program License 
    Info: Subscription Agreement, the Intel Quartus Prime License Agreement,
    Info: the Intel FPGA IP License Agreement, or other applicable license
    Info: agreement, including, without limitation, that your use is for
    Info: the sole purpose of programming logic devices manufactured by
    Info: Intel and sold by Intel or its authorized distributors.  Please
    Info: refer to the applicable agreement for further details, at
    Info: https://fpgasoftware.intel.com/eula.
    Info: Processing started: Tue Mar 31 15:02:09 2026
Info: Command: quartus_fit --read_settings_files=on --write_settings_files=off toolflow -c toolflow
Info: qfit2_default_script.tcl version: #1
Info: Project  = toolflow
Info: Revision = toolflow
Warning (18236): Number of processors has not been specified which may cause overloading on shared machines.  Set the global assignment NUM_PARALLEL_PROCESSORS in your QSF to an appropriate value for best performance.
Info (20030): Parallel compilation is enabled and will use 4 of the 4 processors detected
Info (119006): Selected device EP4CE115F29C7 for design "toolflow"
Info (21076): High junction temperature operating condition is not set. Assuming a default value of '85'.
Info (21076): Low junction temperature operating condition is not set. Assuming a default value of '0'.
Info (171003): Fitter is performing an Auto Fit compilation, which may decrease Fitter effort to reduce compilation time
Info (176444): Device migration not selected. If you intend to use device migration later, you may need to change the pin assignments as they may be incompatible with other devices
    Info (176445): Device EP4CE40F29C7 is compatible
    Info (176445): Device EP4CE40F29I7 is compatible
    Info (176445): Device EP4CE30F29C7 is compatible
    Info (176445): Device EP4CE30F29I7 is compatible
    Info (176445): Device EP4CE55F29C7 is compatible
    Info (176445): Device EP4CE55F29I7 is compatible
    Info (176445): Device EP4CE75F29C7 is compatible
    Info (176445): Device EP4CE75F29I7 is compatible
    Info (176445): Device EP4CE115F29I7 is compatible
Info (169124): Fitter converted 5 user pins into dedicated programming pins
    Info (169125): Pin ~ALTERA_ASDO_DATA1~ is reserved at location F4
    Info (169125): Pin ~ALTERA_FLASH_nCE_nCSO~ is reserved at location E2
    Info (169125): Pin ~ALTERA_DCLK~ is reserved at location P3
    Info (169125): Pin ~ALTERA_DATA0~ is reserved at location N7
    Info (169125): Pin ~ALTERA_nCEO~ is reserved at location P28
Warning (15714): Some pins have incomplete I/O assignments. Refer to the I/O Assignment Warnings report for details
Critical Warning (169085): No exact pin location assignment(s) for 99 pins of 99 total pins. For the list of pins please refer to the I/O Assignment Warnings table in the fitter report.
Info (332104): Reading SDC File: 'toolflow.sdc'
Info (332129): Detected timing requirements -- optimizing circuit to achieve only the specified requirements
Info (332111): Found 1 clocks
    Info (332111):   Period   Clock Name
    Info (332111): ======== ============
    Info (332111):   20.000         iCLK
Info (176353): Automatically promoted node iCLK~input (placed in PIN J1 (CLK1, DIFFCLK_0n)) File: /home/jclark15/cpre381/RiscvProcessor/Project/cpre3810-toolflow/proj/src/TopLevel/RISCV_Processor.vhd Line: 28
    Info (176355): Automatically promoted destinations to use location or clock signal Global Clock CLKCTRL_G2
Info (176353): Automatically promoted node iRST~input (placed in PIN Y2 (CLK2, DIFFCLK_1p)) File: /home/jclark15/cpre381/RiscvProcessor/Project/cpre3810-toolflow/proj/src/TopLevel/RISCV_Processor.vhd Line: 29
    Info (176355): Automatically promoted destinations to use location or clock signal Global Clock CLKCTRL_G4
    Info (176356): Following destination nodes may be non-global or may not use global or regional clocks
        Info (176357): Destination node reg_N:ProgramCounter|dffg:\GEN_REG:2:DFFI|s_Q File: /home/jclark15/cpre381/RiscvProcessor/Project/cpre3810-toolflow/proj/src/TopLevel/dffg.vhd Line: 53
        Info (176357): Destination node reg_N:ProgramCounter|dffg:\GEN_REG:3:DFFI|s_Q File: /home/jclark15/cpre381/RiscvProcessor/Project/cpre3810-toolflow/proj/src/TopLevel/dffg.vhd Line: 53
        Info (176357): Destination node reg_N:ProgramCounter|dffg:\GEN_REG:4:DFFI|s_Q File: /home/jclark15/cpre381/RiscvProcessor/Project/cpre3810-toolflow/proj/src/TopLevel/dffg.vhd Line: 53
        Info (176357): Destination node reg_N:ProgramCounter|dffg:\GEN_REG:5:DFFI|s_Q File: /home/jclark15/cpre381/RiscvProcessor/Project/cpre3810-toolflow/proj/src/TopLevel/dffg.vhd Line: 53
        Info (176357): Destination node reg_N:ProgramCounter|dffg:\GEN_REG:6:DFFI|s_Q File: /home/jclark15/cpre381/RiscvProcessor/Project/cpre3810-toolflow/proj/src/TopLevel/dffg.vhd Line: 53
        Info (176357): Destination node reg_N:ProgramCounter|dffg:\GEN_REG:7:DFFI|s_Q File: /home/jclark15/cpre381/RiscvProcessor/Project/cpre3810-toolflow/proj/src/TopLevel/dffg.vhd Line: 53
        Info (176357): Destination node reg_N:ProgramCounter|dffg:\GEN_REG:8:DFFI|s_Q File: /home/jclark15/cpre381/RiscvProcessor/Project/cpre3810-toolflow/proj/src/TopLevel/dffg.vhd Line: 53
        Info (176357): Destination node reg_N:ProgramCounter|dffg:\GEN_REG:9:DFFI|s_Q File: /home/jclark15/cpre381/RiscvProcessor/Project/cpre3810-toolflow/proj/src/TopLevel/dffg.vhd Line: 53
        Info (176357): Destination node reg_N:ProgramCounter|dffg:\GEN_REG:10:DFFI|s_Q File: /home/jclark15/cpre381/RiscvProcessor/Project/cpre3810-toolflow/proj/src/TopLevel/dffg.vhd Line: 53
        Info (176357): Destination node reg_N:ProgramCounter|dffg:\GEN_REG:11:DFFI|s_Q File: /home/jclark15/cpre381/RiscvProcessor/Project/cpre3810-toolflow/proj/src/TopLevel/dffg.vhd Line: 53
        Info (176358): Non-global destination nodes limited to 10 nodes
Info (176233): Starting register packing
Info (176235): Finished register packing
    Extra Info (176219): No registers were packed into other blocks
Info (176214): Statistics of I/O pins that need to be placed that use the same VCCIO and VREF, before I/O pin placement
    Info (176211): Number of I/O pins in group: 97 (unused VREF, 2.5V VCCIO, 65 input, 32 output, 0 bidirectional)
        Info (176212): I/O standards used: 2.5 V.
Info (176215): I/O bank details before I/O pin placement
    Info (176214): Statistics of I/O banks
        Info (176213): I/O bank number 1 does not use VREF pins and has undetermined VCCIO pins. 5 total pin(s) used --  51 pins available
        Info (176213): I/O bank number 2 does not use VREF pins and has undetermined VCCIO pins. 1 total pin(s) used --  62 pins available
        Info (176213): I/O bank number 3 does not use VREF pins and has undetermined VCCIO pins. 0 total pin(s) used --  73 pins available
        Info (176213): I/O bank number 4 does not use VREF pins and has undetermined VCCIO pins. 0 total pin(s) used --  71 pins available
        Info (176213): I/O bank number 5 does not use VREF pins and has undetermined VCCIO pins. 0 total pin(s) used --  65 pins available
        Info (176213): I/O bank number 6 does not use VREF pins and has undetermined VCCIO pins. 1 total pin(s) used --  57 pins available
        Info (176213): I/O bank number 7 does not use VREF pins and has undetermined VCCIO pins. 0 total pin(s) used --  72 pins available
        Info (176213): I/O bank number 8 does not use VREF pins and has undetermined VCCIO pins. 0 total pin(s) used --  71 pins available
Info (171121): Fitter preparation operations ending: elapsed time is 00:01:14
Info (14896): Fitter has disabled Advanced Physical Optimization because it is not supported for the current family.
Info (170189): Fitter placement preparation operations beginning
Info (170190): Fitter placement preparation operations ending: elapsed time is 00:00:28
Info (170191): Fitter placement operations beginning
Info (170137): Fitter placement was successful
Info (170192): Fitter placement operations ending: elapsed time is 00:04:19
Info (170193): Fitter routing operations beginning
