[inst #1] lui x1,524288
Register Write to Reg: 0x01 Val: 0x80000000
[inst #2] lui x2,524287
Register Write to Reg: 0x02 Val: 0x7FFFF000
[inst #3] addi x2,x2,2047
Register Write to Reg: 0x02 Val: 0x7FFFF7FF
[inst #4] addi x10,x0,0
Register Write to Reg: 0x0A Val: 0x00000000
[inst #5] blt x1,x2,8
[inst #6] lui x1,524288
Register Write to Reg: 0x01 Val: 0x80000000
[inst #7] lui x2,524287
Register Write to Reg: 0x02 Val: 0x7FFFF000
[inst #8] addi x2,x2,2047
Register Write to Reg: 0x02 Val: 0x7FFFF7FF
[inst #9] addi x11,x0,0
Register Write to Reg: 0x0B Val: 0x00000000
[inst #10] blt x2,x1,16
[inst #11] addi x11,x0,1
Register Write to Reg: 0x0B Val: 0x00000001
[inst #12] addi x12,x0,0
Register Write to Reg: 0x0C Val: 0x00000000
[inst #13] addi x12,x0,0
Register Write to Reg: 0x0C Val: 0x00000000
[inst #14] lui x1,524288
Register Write to Reg: 0x01 Val: 0x80000000
[inst #15] addi x2,x0,-1
Register Write to Reg: 0x02 Val: 0xFFFFFFFF
[inst #16] addi x12,x0,0
Register Write to Reg: 0x0C Val: 0x00000000
[inst #17] blt x1,x2,8
[inst #18] lui x1,524287
Register Write to Reg: 0x01 Val: 0x7FFFF000
[inst #19] addi x1,x1,2047
Register Write to Reg: 0x01 Val: 0x7FFFF7FF
[inst #20] lui x2,524287
Register Write to Reg: 0x02 Val: 0x7FFFF000
[inst #21] addi x2,x2,2047
Register Write to Reg: 0x02 Val: 0x7FFFF7FF
[inst #22] addi x13,x0,0
Register Write to Reg: 0x0D Val: 0x00000000
[inst #23] blt x1,x2,16
[inst #24] addi x13,x0,1
Register Write to Reg: 0x0D Val: 0x00000001
[inst #25] addi x14,x0,0
Register Write to Reg: 0x0E Val: 0x00000000
[inst #26] addi x14,x0,0
Register Write to Reg: 0x0E Val: 0x00000000
[inst #27] addi x31,x0,0
Register Write to Reg: 0x1F Val: 0x00000000
[inst #28] wfi 

Program terminated by dropping off the bottom.
