[inst #1] addi x1,x0,2
Register Write to Reg: 0x01 Val: 0x00000002
[inst #2] sub x2,x2,x2
Register Write to Reg: 0x02 Val: 0x00000000
[inst #3] addi x2,x2,1
Register Write to Reg: 0x02 Val: 0x00000001
[inst #4] bge x1,x2,-4
[inst #5] addi x2,x2,1
Register Write to Reg: 0x02 Val: 0x00000002
[inst #6] bge x1,x2,-4
[inst #7] addi x2,x2,1
Register Write to Reg: 0x02 Val: 0x00000003
[inst #8] bge x1,x2,-4
[inst #9] addi x1,x1,1
Register Write to Reg: 0x01 Val: 0x00000003
[inst #10] sub x3,x3,x3
Register Write to Reg: 0x03 Val: 0x00000000
[inst #11] addi x3,x3,1
Register Write to Reg: 0x03 Val: 0x00000001
[inst #12] bge x1,x3,-4
[inst #13] addi x3,x3,1
Register Write to Reg: 0x03 Val: 0x00000002
[inst #14] bge x1,x3,-4
[inst #15] addi x3,x3,1
Register Write to Reg: 0x03 Val: 0x00000003
[inst #16] bge x1,x3,-4
[inst #17] addi x3,x3,1
Register Write to Reg: 0x03 Val: 0x00000004
[inst #18] bge x1,x3,-4
[inst #19] addi x1,x1,1
Register Write to Reg: 0x01 Val: 0x00000004
[inst #20] sub x4,x4,x4
Register Write to Reg: 0x04 Val: 0x00000000
[inst #21] addi x4,x4,1
Register Write to Reg: 0x04 Val: 0x00000001
[inst #22] bge x1,x4,-4
[inst #23] addi x4,x4,1
Register Write to Reg: 0x04 Val: 0x00000002
[inst #24] bge x1,x4,-4
[inst #25] addi x4,x4,1
Register Write to Reg: 0x04 Val: 0x00000003
[inst #26] bge x1,x4,-4
[inst #27] addi x4,x4,1
Register Write to Reg: 0x04 Val: 0x00000004
[inst #28] bge x1,x4,-4
[inst #29] addi x4,x4,1
Register Write to Reg: 0x04 Val: 0x00000005
[inst #30] bge x1,x4,-4
[inst #31] addi x1,x1,1
Register Write to Reg: 0x01 Val: 0x00000005
[inst #32] sub x5,x5,x5
Register Write to Reg: 0x05 Val: 0x00000000
[inst #33] addi x5,x5,1
Register Write to Reg: 0x05 Val: 0x00000001
[inst #34] bge x1,x5,-4
[inst #35] addi x5,x5,1
Register Write to Reg: 0x05 Val: 0x00000002
[inst #36] bge x1,x5,-4
[inst #37] addi x5,x5,1
Register Write to Reg: 0x05 Val: 0x00000003
[inst #38] bge x1,x5,-4
[inst #39] addi x5,x5,1
Register Write to Reg: 0x05 Val: 0x00000004
[inst #40] bge x1,x5,-4
[inst #41] addi x5,x5,1
Register Write to Reg: 0x05 Val: 0x00000005
[inst #42] bge x1,x5,-4
[inst #43] addi x5,x5,1
Register Write to Reg: 0x05 Val: 0x00000006
[inst #44] bge x1,x5,-4
[inst #45] addi x1,x1,1
Register Write to Reg: 0x01 Val: 0x00000006
[inst #46] sub x6,x6,x6
Register Write to Reg: 0x06 Val: 0x00000000
[inst #47] addi x6,x6,1
Register Write to Reg: 0x06 Val: 0x00000001
[inst #48] bge x1,x6,-4
[inst #49] addi x6,x6,1
Register Write to Reg: 0x06 Val: 0x00000002
[inst #50] bge x1,x6,-4
[inst #51] addi x6,x6,1
Register Write to Reg: 0x06 Val: 0x00000003
[inst #52] bge x1,x6,-4
[inst #53] addi x6,x6,1
Register Write to Reg: 0x06 Val: 0x00000004
[inst #54] bge x1,x6,-4
[inst #55] addi x6,x6,1
Register Write to Reg: 0x06 Val: 0x00000005
[inst #56] bge x1,x6,-4
[inst #57] addi x6,x6,1
Register Write to Reg: 0x06 Val: 0x00000006
[inst #58] bge x1,x6,-4
[inst #59] addi x6,x6,1
Register Write to Reg: 0x06 Val: 0x00000007
[inst #60] bge x1,x6,-4
[inst #61] addi x1,x1,1
Register Write to Reg: 0x01 Val: 0x00000007
[inst #62] sub x7,x7,x7
Register Write to Reg: 0x07 Val: 0x00000000
[inst #63] addi x7,x7,1
Register Write to Reg: 0x07 Val: 0x00000001
[inst #64] bge x1,x7,-4
[inst #65] addi x7,x7,1
Register Write to Reg: 0x07 Val: 0x00000002
[inst #66] bge x1,x7,-4
[inst #67] addi x7,x7,1
Register Write to Reg: 0x07 Val: 0x00000003
[inst #68] bge x1,x7,-4
[inst #69] addi x7,x7,1
Register Write to Reg: 0x07 Val: 0x00000004
[inst #70] bge x1,x7,-4
[inst #71] addi x7,x7,1
Register Write to Reg: 0x07 Val: 0x00000005
[inst #72] bge x1,x7,-4
[inst #73] addi x7,x7,1
Register Write to Reg: 0x07 Val: 0x00000006
[inst #74] bge x1,x7,-4
[inst #75] addi x7,x7,1
Register Write to Reg: 0x07 Val: 0x00000007
[inst #76] bge x1,x7,-4
[inst #77] addi x7,x7,1
Register Write to Reg: 0x07 Val: 0x00000008
[inst #78] bge x1,x7,-4
[inst #79] addi x1,x1,1
Register Write to Reg: 0x01 Val: 0x00000008
[inst #80] sub x8,x8,x8
Register Write to Reg: 0x08 Val: 0x00000000
[inst #81] addi x8,x8,1
Register Write to Reg: 0x08 Val: 0x00000001
[inst #82] bge x1,x8,-4
[inst #83] addi x8,x8,1
Register Write to Reg: 0x08 Val: 0x00000002
[inst #84] bge x1,x8,-4
[inst #85] addi x8,x8,1
Register Write to Reg: 0x08 Val: 0x00000003
[inst #86] bge x1,x8,-4
[inst #87] addi x8,x8,1
Register Write to Reg: 0x08 Val: 0x00000004
[inst #88] bge x1,x8,-4
[inst #89] addi x8,x8,1
Register Write to Reg: 0x08 Val: 0x00000005
[inst #90] bge x1,x8,-4
[inst #91] addi x8,x8,1
Register Write to Reg: 0x08 Val: 0x00000006
[inst #92] bge x1,x8,-4
[inst #93] addi x8,x8,1
Register Write to Reg: 0x08 Val: 0x00000007
[inst #94] bge x1,x8,-4
[inst #95] addi x8,x8,1
Register Write to Reg: 0x08 Val: 0x00000008
[inst #96] bge x1,x8,-4
[inst #97] addi x8,x8,1
Register Write to Reg: 0x08 Val: 0x00000009
[inst #98] bge x1,x8,-4
[inst #99] addi x1,x1,1
Register Write to Reg: 0x01 Val: 0x00000009
[inst #100] sub x9,x9,x9
Register Write to Reg: 0x09 Val: 0x00000000
[inst #101] addi x9,x9,1
Register Write to Reg: 0x09 Val: 0x00000001
[inst #102] bge x1,x9,-4
[inst #103] addi x9,x9,1
Register Write to Reg: 0x09 Val: 0x00000002
[inst #104] bge x1,x9,-4
[inst #105] addi x9,x9,1
Register Write to Reg: 0x09 Val: 0x00000003
[inst #106] bge x1,x9,-4
[inst #107] addi x9,x9,1
Register Write to Reg: 0x09 Val: 0x00000004
[inst #108] bge x1,x9,-4
[inst #109] addi x9,x9,1
Register Write to Reg: 0x09 Val: 0x00000005
[inst #110] bge x1,x9,-4
[inst #111] addi x9,x9,1
Register Write to Reg: 0x09 Val: 0x00000006
[inst #112] bge x1,x9,-4
[inst #113] addi x9,x9,1
Register Write to Reg: 0x09 Val: 0x00000007
[inst #114] bge x1,x9,-4
[inst #115] addi x9,x9,1
Register Write to Reg: 0x09 Val: 0x00000008
[inst #116] bge x1,x9,-4
[inst #117] addi x9,x9,1
Register Write to Reg: 0x09 Val: 0x00000009
[inst #118] bge x1,x9,-4
[inst #119] addi x9,x9,1
Register Write to Reg: 0x09 Val: 0x0000000A
[inst #120] bge x1,x9,-4
[inst #121] addi x1,x1,1
Register Write to Reg: 0x01 Val: 0x0000000A
[inst #122] sub x10,x10,x10
Register Write to Reg: 0x0A Val: 0x00000000
[inst #123] addi x10,x10,1
Register Write to Reg: 0x0A Val: 0x00000001
[inst #124] bge x1,x10,-4
[inst #125] addi x10,x10,1
Register Write to Reg: 0x0A Val: 0x00000002
[inst #126] bge x1,x10,-4
[inst #127] addi x10,x10,1
Register Write to Reg: 0x0A Val: 0x00000003
[inst #128] bge x1,x10,-4
[inst #129] addi x10,x10,1
Register Write to Reg: 0x0A Val: 0x00000004
[inst #130] bge x1,x10,-4
[inst #131] addi x10,x10,1
Register Write to Reg: 0x0A Val: 0x00000005
[inst #132] bge x1,x10,-4
[inst #133] addi x10,x10,1
Register Write to Reg: 0x0A Val: 0x00000006
[inst #134] bge x1,x10,-4
[inst #135] addi x10,x10,1
Register Write to Reg: 0x0A Val: 0x00000007
[inst #136] bge x1,x10,-4
[inst #137] addi x10,x10,1
Register Write to Reg: 0x0A Val: 0x00000008
[inst #138] bge x1,x10,-4
[inst #139] addi x10,x10,1
Register Write to Reg: 0x0A Val: 0x00000009
[inst #140] bge x1,x10,-4
[inst #141] addi x10,x10,1
Register Write to Reg: 0x0A Val: 0x0000000A
[inst #142] bge x1,x10,-4
[inst #143] addi x10,x10,1
Register Write to Reg: 0x0A Val: 0x0000000B
[inst #144] bge x1,x10,-4
[inst #145] addi x1,x1,1
Register Write to Reg: 0x01 Val: 0x0000000B
[inst #146] sub x11,x11,x11
Register Write to Reg: 0x0B Val: 0x00000000
[inst #147] addi x11,x11,1
Register Write to Reg: 0x0B Val: 0x00000001
[inst #148] bge x1,x11,-4
[inst #149] addi x11,x11,1
Register Write to Reg: 0x0B Val: 0x00000002
[inst #150] bge x1,x11,-4
[inst #151] addi x11,x11,1
Register Write to Reg: 0x0B Val: 0x00000003
[inst #152] bge x1,x11,-4
[inst #153] addi x11,x11,1
Register Write to Reg: 0x0B Val: 0x00000004
[inst #154] bge x1,x11,-4
[inst #155] addi x11,x11,1
Register Write to Reg: 0x0B Val: 0x00000005
[inst #156] bge x1,x11,-4
[inst #157] addi x11,x11,1
Register Write to Reg: 0x0B Val: 0x00000006
[inst #158] bge x1,x11,-4
[inst #159] addi x11,x11,1
Register Write to Reg: 0x0B Val: 0x00000007
[inst #160] bge x1,x11,-4
[inst #161] addi x11,x11,1
Register Write to Reg: 0x0B Val: 0x00000008
[inst #162] bge x1,x11,-4
[inst #163] addi x11,x11,1
Register Write to Reg: 0x0B Val: 0x00000009
[inst #164] bge x1,x11,-4
[inst #165] addi x11,x11,1
Register Write to Reg: 0x0B Val: 0x0000000A
[inst #166] bge x1,x11,-4
[inst #167] addi x11,x11,1
Register Write to Reg: 0x0B Val: 0x0000000B
[inst #168] bge x1,x11,-4
[inst #169] addi x11,x11,1
Register Write to Reg: 0x0B Val: 0x0000000C
[inst #170] bge x1,x11,-4
[inst #171] addi x1,x1,1
Register Write to Reg: 0x01 Val: 0x0000000C
[inst #172] sub x12,x12,x12
Register Write to Reg: 0x0C Val: 0x00000000
[inst #173] addi x12,x12,1
Register Write to Reg: 0x0C Val: 0x00000001
[inst #174] bge x1,x12,-4
[inst #175] addi x12,x12,1
Register Write to Reg: 0x0C Val: 0x00000002
[inst #176] bge x1,x12,-4
[inst #177] addi x12,x12,1
Register Write to Reg: 0x0C Val: 0x00000003
[inst #178] bge x1,x12,-4
[inst #179] addi x12,x12,1
Register Write to Reg: 0x0C Val: 0x00000004
[inst #180] bge x1,x12,-4
[inst #181] addi x12,x12,1
Register Write to Reg: 0x0C Val: 0x00000005
[inst #182] bge x1,x12,-4
[inst #183] addi x12,x12,1
Register Write to Reg: 0x0C Val: 0x00000006
[inst #184] bge x1,x12,-4
[inst #185] addi x12,x12,1
Register Write to Reg: 0x0C Val: 0x00000007
[inst #186] bge x1,x12,-4
[inst #187] addi x12,x12,1
Register Write to Reg: 0x0C Val: 0x00000008
[inst #188] bge x1,x12,-4
[inst #189] addi x12,x12,1
Register Write to Reg: 0x0C Val: 0x00000009
[inst #190] bge x1,x12,-4
[inst #191] addi x12,x12,1
Register Write to Reg: 0x0C Val: 0x0000000A
[inst #192] bge x1,x12,-4
[inst #193] addi x12,x12,1
Register Write to Reg: 0x0C Val: 0x0000000B
[inst #194] bge x1,x12,-4
[inst #195] addi x12,x12,1
Register Write to Reg: 0x0C Val: 0x0000000C
[inst #196] bge x1,x12,-4
[inst #197] addi x12,x12,1
Register Write to Reg: 0x0C Val: 0x0000000D
[inst #198] bge x1,x12,-4
[inst #199] addi x1,x1,1
Register Write to Reg: 0x01 Val: 0x0000000D
[inst #200] sub x13,x13,x13
Register Write to Reg: 0x0D Val: 0x00000000
[inst #201] addi x13,x13,1
Register Write to Reg: 0x0D Val: 0x00000001
[inst #202] bge x1,x13,-4
[inst #203] addi x13,x13,1
Register Write to Reg: 0x0D Val: 0x00000002
[inst #204] bge x1,x13,-4
[inst #205] addi x13,x13,1
Register Write to Reg: 0x0D Val: 0x00000003
[inst #206] bge x1,x13,-4
[inst #207] addi x13,x13,1
Register Write to Reg: 0x0D Val: 0x00000004
[inst #208] bge x1,x13,-4
[inst #209] addi x13,x13,1
Register Write to Reg: 0x0D Val: 0x00000005
[inst #210] bge x1,x13,-4
[inst #211] addi x13,x13,1
Register Write to Reg: 0x0D Val: 0x00000006
[inst #212] bge x1,x13,-4
[inst #213] addi x13,x13,1
Register Write to Reg: 0x0D Val: 0x00000007
[inst #214] bge x1,x13,-4
[inst #215] addi x13,x13,1
Register Write to Reg: 0x0D Val: 0x00000008
[inst #216] bge x1,x13,-4
[inst #217] addi x13,x13,1
Register Write to Reg: 0x0D Val: 0x00000009
[inst #218] bge x1,x13,-4
[inst #219] addi x13,x13,1
Register Write to Reg: 0x0D Val: 0x0000000A
[inst #220] bge x1,x13,-4
[inst #221] addi x13,x13,1
Register Write to Reg: 0x0D Val: 0x0000000B
[inst #222] bge x1,x13,-4
[inst #223] addi x13,x13,1
Register Write to Reg: 0x0D Val: 0x0000000C
[inst #224] bge x1,x13,-4
[inst #225] addi x13,x13,1
Register Write to Reg: 0x0D Val: 0x0000000D
[inst #226] bge x1,x13,-4
[inst #227] addi x13,x13,1
Register Write to Reg: 0x0D Val: 0x0000000E
[inst #228] bge x1,x13,-4
[inst #229] addi x1,x1,1
Register Write to Reg: 0x01 Val: 0x0000000E
[inst #230] sub x14,x14,x14
Register Write to Reg: 0x0E Val: 0x00000000
[inst #231] addi x14,x14,1
Register Write to Reg: 0x0E Val: 0x00000001
[inst #232] bge x1,x14,-4
[inst #233] addi x14,x14,1
Register Write to Reg: 0x0E Val: 0x00000002
[inst #234] bge x1,x14,-4
[inst #235] addi x14,x14,1
Register Write to Reg: 0x0E Val: 0x00000003
[inst #236] bge x1,x14,-4
[inst #237] addi x14,x14,1
Register Write to Reg: 0x0E Val: 0x00000004
[inst #238] bge x1,x14,-4
[inst #239] addi x14,x14,1
Register Write to Reg: 0x0E Val: 0x00000005
[inst #240] bge x1,x14,-4
[inst #241] addi x14,x14,1
Register Write to Reg: 0x0E Val: 0x00000006
[inst #242] bge x1,x14,-4
[inst #243] addi x14,x14,1
Register Write to Reg: 0x0E Val: 0x00000007
[inst #244] bge x1,x14,-4
[inst #245] addi x14,x14,1
Register Write to Reg: 0x0E Val: 0x00000008
[inst #246] bge x1,x14,-4
[inst #247] addi x14,x14,1
Register Write to Reg: 0x0E Val: 0x00000009
[inst #248] bge x1,x14,-4
[inst #249] addi x14,x14,1
Register Write to Reg: 0x0E Val: 0x0000000A
[inst #250] bge x1,x14,-4
[inst #251] addi x14,x14,1
Register Write to Reg: 0x0E Val: 0x0000000B
[inst #252] bge x1,x14,-4
[inst #253] addi x14,x14,1
Register Write to Reg: 0x0E Val: 0x0000000C
[inst #254] bge x1,x14,-4
[inst #255] addi x14,x14,1
Register Write to Reg: 0x0E Val: 0x0000000D
[inst #256] bge x1,x14,-4
[inst #257] addi x14,x14,1
Register Write to Reg: 0x0E Val: 0x0000000E
[inst #258] bge x1,x14,-4
[inst #259] addi x14,x14,1
Register Write to Reg: 0x0E Val: 0x0000000F
[inst #260] bge x1,x14,-4
[inst #261] addi x1,x1,1
Register Write to Reg: 0x01 Val: 0x0000000F
[inst #262] sub x15,x15,x15
Register Write to Reg: 0x0F Val: 0x00000000
[inst #263] addi x15,x15,1
Register Write to Reg: 0x0F Val: 0x00000001
[inst #264] bge x1,x15,-4
[inst #265] addi x15,x15,1
Register Write to Reg: 0x0F Val: 0x00000002
[inst #266] bge x1,x15,-4
[inst #267] addi x15,x15,1
Register Write to Reg: 0x0F Val: 0x00000003
[inst #268] bge x1,x15,-4
[inst #269] addi x15,x15,1
Register Write to Reg: 0x0F Val: 0x00000004
[inst #270] bge x1,x15,-4
[inst #271] addi x15,x15,1
Register Write to Reg: 0x0F Val: 0x00000005
[inst #272] bge x1,x15,-4
[inst #273] addi x15,x15,1
Register Write to Reg: 0x0F Val: 0x00000006
[inst #274] bge x1,x15,-4
[inst #275] addi x15,x15,1
Register Write to Reg: 0x0F Val: 0x00000007
[inst #276] bge x1,x15,-4
[inst #277] addi x15,x15,1
Register Write to Reg: 0x0F Val: 0x00000008
[inst #278] bge x1,x15,-4
[inst #279] addi x15,x15,1
Register Write to Reg: 0x0F Val: 0x00000009
[inst #280] bge x1,x15,-4
[inst #281] addi x15,x15,1
Register Write to Reg: 0x0F Val: 0x0000000A
[inst #282] bge x1,x15,-4
[inst #283] addi x15,x15,1
Register Write to Reg: 0x0F Val: 0x0000000B
[inst #284] bge x1,x15,-4
[inst #285] addi x15,x15,1
Register Write to Reg: 0x0F Val: 0x0000000C
[inst #286] bge x1,x15,-4
[inst #287] addi x15,x15,1
Register Write to Reg: 0x0F Val: 0x0000000D
[inst #288] bge x1,x15,-4
[inst #289] addi x15,x15,1
Register Write to Reg: 0x0F Val: 0x0000000E
[inst #290] bge x1,x15,-4
[inst #291] addi x15,x15,1
Register Write to Reg: 0x0F Val: 0x0000000F
[inst #292] bge x1,x15,-4
[inst #293] addi x15,x15,1
Register Write to Reg: 0x0F Val: 0x00000010
[inst #294] bge x1,x15,-4
[inst #295] addi x1,x1,1
Register Write to Reg: 0x01 Val: 0x00000010
[inst #296] sub x16,x16,x16
Register Write to Reg: 0x10 Val: 0x00000000
[inst #297] addi x16,x16,1
Register Write to Reg: 0x10 Val: 0x00000001
[inst #298] bge x1,x16,-4
[inst #299] addi x16,x16,1
Register Write to Reg: 0x10 Val: 0x00000002
[inst #300] bge x1,x16,-4
[inst #301] addi x16,x16,1
Register Write to Reg: 0x10 Val: 0x00000003
[inst #302] bge x1,x16,-4
[inst #303] addi x16,x16,1
Register Write to Reg: 0x10 Val: 0x00000004
[inst #304] bge x1,x16,-4
[inst #305] addi x16,x16,1
Register Write to Reg: 0x10 Val: 0x00000005
[inst #306] bge x1,x16,-4
[inst #307] addi x16,x16,1
Register Write to Reg: 0x10 Val: 0x00000006
[inst #308] bge x1,x16,-4
[inst #309] addi x16,x16,1
Register Write to Reg: 0x10 Val: 0x00000007
[inst #310] bge x1,x16,-4
[inst #311] addi x16,x16,1
Register Write to Reg: 0x10 Val: 0x00000008
[inst #312] bge x1,x16,-4
[inst #313] addi x16,x16,1
Register Write to Reg: 0x10 Val: 0x00000009
[inst #314] bge x1,x16,-4
[inst #315] addi x16,x16,1
Register Write to Reg: 0x10 Val: 0x0000000A
[inst #316] bge x1,x16,-4
[inst #317] addi x16,x16,1
Register Write to Reg: 0x10 Val: 0x0000000B
[inst #318] bge x1,x16,-4
[inst #319] addi x16,x16,1
Register Write to Reg: 0x10 Val: 0x0000000C
[inst #320] bge x1,x16,-4
[inst #321] addi x16,x16,1
Register Write to Reg: 0x10 Val: 0x0000000D
[inst #322] bge x1,x16,-4
[inst #323] addi x16,x16,1
Register Write to Reg: 0x10 Val: 0x0000000E
[inst #324] bge x1,x16,-4
[inst #325] addi x16,x16,1
Register Write to Reg: 0x10 Val: 0x0000000F
[inst #326] bge x1,x16,-4
[inst #327] addi x16,x16,1
Register Write to Reg: 0x10 Val: 0x00000010
[inst #328] bge x1,x16,-4
[inst #329] addi x16,x16,1
Register Write to Reg: 0x10 Val: 0x00000011
[inst #330] bge x1,x16,-4
[inst #331] addi x1,x1,1
Register Write to Reg: 0x01 Val: 0x00000011
[inst #332] sub x17,x17,x17
Register Write to Reg: 0x11 Val: 0x00000000
[inst #333] addi x17,x17,1
Register Write to Reg: 0x11 Val: 0x00000001
[inst #334] bge x1,x17,-4
[inst #335] addi x17,x17,1
Register Write to Reg: 0x11 Val: 0x00000002
[inst #336] bge x1,x17,-4
[inst #337] addi x17,x17,1
Register Write to Reg: 0x11 Val: 0x00000003
[inst #338] bge x1,x17,-4
[inst #339] addi x17,x17,1
Register Write to Reg: 0x11 Val: 0x00000004
[inst #340] bge x1,x17,-4
[inst #341] addi x17,x17,1
Register Write to Reg: 0x11 Val: 0x00000005
[inst #342] bge x1,x17,-4
[inst #343] addi x17,x17,1
Register Write to Reg: 0x11 Val: 0x00000006
[inst #344] bge x1,x17,-4
[inst #345] addi x17,x17,1
Register Write to Reg: 0x11 Val: 0x00000007
[inst #346] bge x1,x17,-4
[inst #347] addi x17,x17,1
Register Write to Reg: 0x11 Val: 0x00000008
[inst #348] bge x1,x17,-4
[inst #349] addi x17,x17,1
Register Write to Reg: 0x11 Val: 0x00000009
[inst #350] bge x1,x17,-4
[inst #351] addi x17,x17,1
Register Write to Reg: 0x11 Val: 0x0000000A
[inst #352] bge x1,x17,-4
[inst #353] addi x17,x17,1
Register Write to Reg: 0x11 Val: 0x0000000B
[inst #354] bge x1,x17,-4
[inst #355] addi x17,x17,1
Register Write to Reg: 0x11 Val: 0x0000000C
[inst #356] bge x1,x17,-4
[inst #357] addi x17,x17,1
Register Write to Reg: 0x11 Val: 0x0000000D
[inst #358] bge x1,x17,-4
[inst #359] addi x17,x17,1
Register Write to Reg: 0x11 Val: 0x0000000E
[inst #360] bge x1,x17,-4
[inst #361] addi x17,x17,1
Register Write to Reg: 0x11 Val: 0x0000000F
[inst #362] bge x1,x17,-4
[inst #363] addi x17,x17,1
Register Write to Reg: 0x11 Val: 0x00000010
[inst #364] bge x1,x17,-4
[inst #365] addi x17,x17,1
Register Write to Reg: 0x11 Val: 0x00000011
[inst #366] bge x1,x17,-4
[inst #367] addi x17,x17,1
Register Write to Reg: 0x11 Val: 0x00000012
[inst #368] bge x1,x17,-4
[inst #369] addi x1,x1,1
Register Write to Reg: 0x01 Val: 0x00000012
[inst #370] sub x18,x18,x18
Register Write to Reg: 0x12 Val: 0x00000000
[inst #371] addi x18,x18,1
Register Write to Reg: 0x12 Val: 0x00000001
[inst #372] bge x1,x18,-4
[inst #373] addi x18,x18,1
Register Write to Reg: 0x12 Val: 0x00000002
[inst #374] bge x1,x18,-4
[inst #375] addi x18,x18,1
Register Write to Reg: 0x12 Val: 0x00000003
[inst #376] bge x1,x18,-4
[inst #377] addi x18,x18,1
Register Write to Reg: 0x12 Val: 0x00000004
[inst #378] bge x1,x18,-4
[inst #379] addi x18,x18,1
Register Write to Reg: 0x12 Val: 0x00000005
[inst #380] bge x1,x18,-4
[inst #381] addi x18,x18,1
Register Write to Reg: 0x12 Val: 0x00000006
[inst #382] bge x1,x18,-4
[inst #383] addi x18,x18,1
Register Write to Reg: 0x12 Val: 0x00000007
[inst #384] bge x1,x18,-4
[inst #385] addi x18,x18,1
Register Write to Reg: 0x12 Val: 0x00000008
[inst #386] bge x1,x18,-4
[inst #387] addi x18,x18,1
Register Write to Reg: 0x12 Val: 0x00000009
[inst #388] bge x1,x18,-4
[inst #389] addi x18,x18,1
Register Write to Reg: 0x12 Val: 0x0000000A
[inst #390] bge x1,x18,-4
[inst #391] addi x18,x18,1
Register Write to Reg: 0x12 Val: 0x0000000B
[inst #392] bge x1,x18,-4
[inst #393] addi x18,x18,1
Register Write to Reg: 0x12 Val: 0x0000000C
[inst #394] bge x1,x18,-4
[inst #395] addi x18,x18,1
Register Write to Reg: 0x12 Val: 0x0000000D
[inst #396] bge x1,x18,-4
[inst #397] addi x18,x18,1
Register Write to Reg: 0x12 Val: 0x0000000E
[inst #398] bge x1,x18,-4
[inst #399] addi x18,x18,1
Register Write to Reg: 0x12 Val: 0x0000000F
[inst #400] bge x1,x18,-4
[inst #401] addi x18,x18,1
Register Write to Reg: 0x12 Val: 0x00000010
[inst #402] bge x1,x18,-4
[inst #403] addi x18,x18,1
Register Write to Reg: 0x12 Val: 0x00000011
[inst #404] bge x1,x18,-4
[inst #405] addi x18,x18,1
Register Write to Reg: 0x12 Val: 0x00000012
[inst #406] bge x1,x18,-4
[inst #407] addi x18,x18,1
Register Write to Reg: 0x12 Val: 0x00000013
[inst #408] bge x1,x18,-4
[inst #409] addi x1,x1,1
Register Write to Reg: 0x01 Val: 0x00000013
[inst #410] sub x19,x19,x19
Register Write to Reg: 0x13 Val: 0x00000000
[inst #411] addi x19,x19,1
Register Write to Reg: 0x13 Val: 0x00000001
[inst #412] bge x1,x19,-4
[inst #413] addi x19,x19,1
Register Write to Reg: 0x13 Val: 0x00000002
[inst #414] bge x1,x19,-4
[inst #415] addi x19,x19,1
Register Write to Reg: 0x13 Val: 0x00000003
[inst #416] bge x1,x19,-4
[inst #417] addi x19,x19,1
Register Write to Reg: 0x13 Val: 0x00000004
[inst #418] bge x1,x19,-4
[inst #419] addi x19,x19,1
Register Write to Reg: 0x13 Val: 0x00000005
[inst #420] bge x1,x19,-4
[inst #421] addi x19,x19,1
Register Write to Reg: 0x13 Val: 0x00000006
[inst #422] bge x1,x19,-4
[inst #423] addi x19,x19,1
Register Write to Reg: 0x13 Val: 0x00000007
[inst #424] bge x1,x19,-4
[inst #425] addi x19,x19,1
Register Write to Reg: 0x13 Val: 0x00000008
[inst #426] bge x1,x19,-4
[inst #427] addi x19,x19,1
Register Write to Reg: 0x13 Val: 0x00000009
[inst #428] bge x1,x19,-4
[inst #429] addi x19,x19,1
Register Write to Reg: 0x13 Val: 0x0000000A
[inst #430] bge x1,x19,-4
[inst #431] addi x19,x19,1
Register Write to Reg: 0x13 Val: 0x0000000B
[inst #432] bge x1,x19,-4
[inst #433] addi x19,x19,1
Register Write to Reg: 0x13 Val: 0x0000000C
[inst #434] bge x1,x19,-4
[inst #435] addi x19,x19,1
Register Write to Reg: 0x13 Val: 0x0000000D
[inst #436] bge x1,x19,-4
[inst #437] addi x19,x19,1
Register Write to Reg: 0x13 Val: 0x0000000E
[inst #438] bge x1,x19,-4
[inst #439] addi x19,x19,1
Register Write to Reg: 0x13 Val: 0x0000000F
[inst #440] bge x1,x19,-4
[inst #441] addi x19,x19,1
Register Write to Reg: 0x13 Val: 0x00000010
[inst #442] bge x1,x19,-4
[inst #443] addi x19,x19,1
Register Write to Reg: 0x13 Val: 0x00000011
[inst #444] bge x1,x19,-4
[inst #445] addi x19,x19,1
Register Write to Reg: 0x13 Val: 0x00000012
[inst #446] bge x1,x19,-4
[inst #447] addi x19,x19,1
Register Write to Reg: 0x13 Val: 0x00000013
[inst #448] bge x1,x19,-4
[inst #449] addi x19,x19,1
Register Write to Reg: 0x13 Val: 0x00000014
[inst #450] bge x1,x19,-4
[inst #451] addi x1,x1,1
Register Write to Reg: 0x01 Val: 0x00000014
[inst #452] sub x20,x20,x20
Register Write to Reg: 0x14 Val: 0x00000000
[inst #453] addi x20,x20,1
Register Write to Reg: 0x14 Val: 0x00000001
[inst #454] bge x1,x20,-4
[inst #455] addi x20,x20,1
Register Write to Reg: 0x14 Val: 0x00000002
[inst #456] bge x1,x20,-4
[inst #457] addi x20,x20,1
Register Write to Reg: 0x14 Val: 0x00000003
[inst #458] bge x1,x20,-4
[inst #459] addi x20,x20,1
Register Write to Reg: 0x14 Val: 0x00000004
[inst #460] bge x1,x20,-4
[inst #461] addi x20,x20,1
Register Write to Reg: 0x14 Val: 0x00000005
[inst #462] bge x1,x20,-4
[inst #463] addi x20,x20,1
Register Write to Reg: 0x14 Val: 0x00000006
[inst #464] bge x1,x20,-4
[inst #465] addi x20,x20,1
Register Write to Reg: 0x14 Val: 0x00000007
[inst #466] bge x1,x20,-4
[inst #467] addi x20,x20,1
Register Write to Reg: 0x14 Val: 0x00000008
[inst #468] bge x1,x20,-4
[inst #469] addi x20,x20,1
Register Write to Reg: 0x14 Val: 0x00000009
[inst #470] bge x1,x20,-4
[inst #471] addi x20,x20,1
Register Write to Reg: 0x14 Val: 0x0000000A
[inst #472] bge x1,x20,-4
[inst #473] addi x20,x20,1
Register Write to Reg: 0x14 Val: 0x0000000B
[inst #474] bge x1,x20,-4
[inst #475] addi x20,x20,1
Register Write to Reg: 0x14 Val: 0x0000000C
[inst #476] bge x1,x20,-4
[inst #477] addi x20,x20,1
Register Write to Reg: 0x14 Val: 0x0000000D
[inst #478] bge x1,x20,-4
[inst #479] addi x20,x20,1
Register Write to Reg: 0x14 Val: 0x0000000E
[inst #480] bge x1,x20,-4
[inst #481] addi x20,x20,1
Register Write to Reg: 0x14 Val: 0x0000000F
[inst #482] bge x1,x20,-4
[inst #483] addi x20,x20,1
Register Write to Reg: 0x14 Val: 0x00000010
[inst #484] bge x1,x20,-4
[inst #485] addi x20,x20,1
Register Write to Reg: 0x14 Val: 0x00000011
[inst #486] bge x1,x20,-4
[inst #487] addi x20,x20,1
Register Write to Reg: 0x14 Val: 0x00000012
[inst #488] bge x1,x20,-4
[inst #489] addi x20,x20,1
Register Write to Reg: 0x14 Val: 0x00000013
[inst #490] bge x1,x20,-4
[inst #491] addi x20,x20,1
Register Write to Reg: 0x14 Val: 0x00000014
[inst #492] bge x1,x20,-4
[inst #493] addi x20,x20,1
Register Write to Reg: 0x14 Val: 0x00000015
[inst #494] bge x1,x20,-4
[inst #495] addi x1,x1,1
Register Write to Reg: 0x01 Val: 0x00000015
[inst #496] sub x21,x21,x21
Register Write to Reg: 0x15 Val: 0x00000000
[inst #497] addi x21,x21,1
Register Write to Reg: 0x15 Val: 0x00000001
[inst #498] bge x1,x21,-4
[inst #499] addi x21,x21,1
Register Write to Reg: 0x15 Val: 0x00000002
[inst #500] bge x1,x21,-4
[inst #501] addi x21,x21,1
Register Write to Reg: 0x15 Val: 0x00000003
[inst #502] bge x1,x21,-4
[inst #503] addi x21,x21,1
Register Write to Reg: 0x15 Val: 0x00000004
[inst #504] bge x1,x21,-4
[inst #505] addi x21,x21,1
Register Write to Reg: 0x15 Val: 0x00000005
[inst #506] bge x1,x21,-4
[inst #507] addi x21,x21,1
Register Write to Reg: 0x15 Val: 0x00000006
[inst #508] bge x1,x21,-4
[inst #509] addi x21,x21,1
Register Write to Reg: 0x15 Val: 0x00000007
[inst #510] bge x1,x21,-4
[inst #511] addi x21,x21,1
Register Write to Reg: 0x15 Val: 0x00000008
[inst #512] bge x1,x21,-4
[inst #513] addi x21,x21,1
Register Write to Reg: 0x15 Val: 0x00000009
[inst #514] bge x1,x21,-4
[inst #515] addi x21,x21,1
Register Write to Reg: 0x15 Val: 0x0000000A
[inst #516] bge x1,x21,-4
[inst #517] addi x21,x21,1
Register Write to Reg: 0x15 Val: 0x0000000B
[inst #518] bge x1,x21,-4
[inst #519] addi x21,x21,1
Register Write to Reg: 0x15 Val: 0x0000000C
[inst #520] bge x1,x21,-4
[inst #521] addi x21,x21,1
Register Write to Reg: 0x15 Val: 0x0000000D
[inst #522] bge x1,x21,-4
[inst #523] addi x21,x21,1
Register Write to Reg: 0x15 Val: 0x0000000E
[inst #524] bge x1,x21,-4
[inst #525] addi x21,x21,1
Register Write to Reg: 0x15 Val: 0x0000000F
[inst #526] bge x1,x21,-4
[inst #527] addi x21,x21,1
Register Write to Reg: 0x15 Val: 0x00000010
[inst #528] bge x1,x21,-4
[inst #529] addi x21,x21,1
Register Write to Reg: 0x15 Val: 0x00000011
[inst #530] bge x1,x21,-4
[inst #531] addi x21,x21,1
Register Write to Reg: 0x15 Val: 0x00000012
[inst #532] bge x1,x21,-4
[inst #533] addi x21,x21,1
Register Write to Reg: 0x15 Val: 0x00000013
[inst #534] bge x1,x21,-4
[inst #535] addi x21,x21,1
Register Write to Reg: 0x15 Val: 0x00000014
[inst #536] bge x1,x21,-4
[inst #537] addi x21,x21,1
Register Write to Reg: 0x15 Val: 0x00000015
[inst #538] bge x1,x21,-4
[inst #539] addi x21,x21,1
Register Write to Reg: 0x15 Val: 0x00000016
[inst #540] bge x1,x21,-4
[inst #541] addi x1,x1,1
Register Write to Reg: 0x01 Val: 0x00000016
[inst #542] sub x22,x22,x22
Register Write to Reg: 0x16 Val: 0x00000000
[inst #543] addi x22,x22,1
Register Write to Reg: 0x16 Val: 0x00000001
[inst #544] bge x1,x22,-4
[inst #545] addi x22,x22,1
Register Write to Reg: 0x16 Val: 0x00000002
[inst #546] bge x1,x22,-4
[inst #547] addi x22,x22,1
Register Write to Reg: 0x16 Val: 0x00000003
[inst #548] bge x1,x22,-4
[inst #549] addi x22,x22,1
Register Write to Reg: 0x16 Val: 0x00000004
[inst #550] bge x1,x22,-4
[inst #551] addi x22,x22,1
Register Write to Reg: 0x16 Val: 0x00000005
[inst #552] bge x1,x22,-4
[inst #553] addi x22,x22,1
Register Write to Reg: 0x16 Val: 0x00000006
[inst #554] bge x1,x22,-4
[inst #555] addi x22,x22,1
Register Write to Reg: 0x16 Val: 0x00000007
[inst #556] bge x1,x22,-4
[inst #557] addi x22,x22,1
Register Write to Reg: 0x16 Val: 0x00000008
[inst #558] bge x1,x22,-4
[inst #559] addi x22,x22,1
Register Write to Reg: 0x16 Val: 0x00000009
[inst #560] bge x1,x22,-4
[inst #561] addi x22,x22,1
Register Write to Reg: 0x16 Val: 0x0000000A
[inst #562] bge x1,x22,-4
[inst #563] addi x22,x22,1
Register Write to Reg: 0x16 Val: 0x0000000B
[inst #564] bge x1,x22,-4
[inst #565] addi x22,x22,1
Register Write to Reg: 0x16 Val: 0x0000000C
[inst #566] bge x1,x22,-4
[inst #567] addi x22,x22,1
Register Write to Reg: 0x16 Val: 0x0000000D
[inst #568] bge x1,x22,-4
[inst #569] addi x22,x22,1
Register Write to Reg: 0x16 Val: 0x0000000E
[inst #570] bge x1,x22,-4
[inst #571] addi x22,x22,1
Register Write to Reg: 0x16 Val: 0x0000000F
[inst #572] bge x1,x22,-4
[inst #573] addi x22,x22,1
Register Write to Reg: 0x16 Val: 0x00000010
[inst #574] bge x1,x22,-4
[inst #575] addi x22,x22,1
Register Write to Reg: 0x16 Val: 0x00000011
[inst #576] bge x1,x22,-4
[inst #577] addi x22,x22,1
Register Write to Reg: 0x16 Val: 0x00000012
[inst #578] bge x1,x22,-4
[inst #579] addi x22,x22,1
Register Write to Reg: 0x16 Val: 0x00000013
[inst #580] bge x1,x22,-4
[inst #581] addi x22,x22,1
Register Write to Reg: 0x16 Val: 0x00000014
[inst #582] bge x1,x22,-4
[inst #583] addi x22,x22,1
Register Write to Reg: 0x16 Val: 0x00000015
[inst #584] bge x1,x22,-4
[inst #585] addi x22,x22,1
Register Write to Reg: 0x16 Val: 0x00000016
[inst #586] bge x1,x22,-4
[inst #587] addi x22,x22,1
Register Write to Reg: 0x16 Val: 0x00000017
[inst #588] bge x1,x22,-4
[inst #589] addi x1,x1,1
Register Write to Reg: 0x01 Val: 0x00000017
[inst #590] sub x23,x23,x23
Register Write to Reg: 0x17 Val: 0x00000000
[inst #591] addi x23,x23,1
Register Write to Reg: 0x17 Val: 0x00000001
[inst #592] bge x1,x23,-4
[inst #593] addi x23,x23,1
Register Write to Reg: 0x17 Val: 0x00000002
[inst #594] bge x1,x23,-4
[inst #595] addi x23,x23,1
Register Write to Reg: 0x17 Val: 0x00000003
[inst #596] bge x1,x23,-4
[inst #597] addi x23,x23,1
Register Write to Reg: 0x17 Val: 0x00000004
[inst #598] bge x1,x23,-4
[inst #599] addi x23,x23,1
Register Write to Reg: 0x17 Val: 0x00000005
[inst #600] bge x1,x23,-4
[inst #601] addi x23,x23,1
Register Write to Reg: 0x17 Val: 0x00000006
[inst #602] bge x1,x23,-4
[inst #603] addi x23,x23,1
Register Write to Reg: 0x17 Val: 0x00000007
[inst #604] bge x1,x23,-4
[inst #605] addi x23,x23,1
Register Write to Reg: 0x17 Val: 0x00000008
[inst #606] bge x1,x23,-4
[inst #607] addi x23,x23,1
Register Write to Reg: 0x17 Val: 0x00000009
[inst #608] bge x1,x23,-4
[inst #609] addi x23,x23,1
Register Write to Reg: 0x17 Val: 0x0000000A
[inst #610] bge x1,x23,-4
[inst #611] addi x23,x23,1
Register Write to Reg: 0x17 Val: 0x0000000B
[inst #612] bge x1,x23,-4
[inst #613] addi x23,x23,1
Register Write to Reg: 0x17 Val: 0x0000000C
[inst #614] bge x1,x23,-4
[inst #615] addi x23,x23,1
Register Write to Reg: 0x17 Val: 0x0000000D
[inst #616] bge x1,x23,-4
[inst #617] addi x23,x23,1
Register Write to Reg: 0x17 Val: 0x0000000E
[inst #618] bge x1,x23,-4
[inst #619] addi x23,x23,1
Register Write to Reg: 0x17 Val: 0x0000000F
[inst #620] bge x1,x23,-4
[inst #621] addi x23,x23,1
Register Write to Reg: 0x17 Val: 0x00000010
[inst #622] bge x1,x23,-4
[inst #623] addi x23,x23,1
Register Write to Reg: 0x17 Val: 0x00000011
[inst #624] bge x1,x23,-4
[inst #625] addi x23,x23,1
Register Write to Reg: 0x17 Val: 0x00000012
[inst #626] bge x1,x23,-4
[inst #627] addi x23,x23,1
Register Write to Reg: 0x17 Val: 0x00000013
[inst #628] bge x1,x23,-4
[inst #629] addi x23,x23,1
Register Write to Reg: 0x17 Val: 0x00000014
[inst #630] bge x1,x23,-4
[inst #631] addi x23,x23,1
Register Write to Reg: 0x17 Val: 0x00000015
[inst #632] bge x1,x23,-4
[inst #633] addi x23,x23,1
Register Write to Reg: 0x17 Val: 0x00000016
[inst #634] bge x1,x23,-4
[inst #635] addi x23,x23,1
Register Write to Reg: 0x17 Val: 0x00000017
[inst #636] bge x1,x23,-4
[inst #637] addi x23,x23,1
Register Write to Reg: 0x17 Val: 0x00000018
[inst #638] bge x1,x23,-4
[inst #639] addi x1,x1,1
Register Write to Reg: 0x01 Val: 0x00000018
[inst #640] sub x24,x24,x24
Register Write to Reg: 0x18 Val: 0x00000000
[inst #641] addi x24,x24,1
Register Write to Reg: 0x18 Val: 0x00000001
[inst #642] bge x1,x24,-4
[inst #643] addi x24,x24,1
Register Write to Reg: 0x18 Val: 0x00000002
[inst #644] bge x1,x24,-4
[inst #645] addi x24,x24,1
Register Write to Reg: 0x18 Val: 0x00000003
[inst #646] bge x1,x24,-4
[inst #647] addi x24,x24,1
Register Write to Reg: 0x18 Val: 0x00000004
[inst #648] bge x1,x24,-4
[inst #649] addi x24,x24,1
Register Write to Reg: 0x18 Val: 0x00000005
[inst #650] bge x1,x24,-4
[inst #651] addi x24,x24,1
Register Write to Reg: 0x18 Val: 0x00000006
[inst #652] bge x1,x24,-4
[inst #653] addi x24,x24,1
Register Write to Reg: 0x18 Val: 0x00000007
[inst #654] bge x1,x24,-4
[inst #655] addi x24,x24,1
Register Write to Reg: 0x18 Val: 0x00000008
[inst #656] bge x1,x24,-4
[inst #657] addi x24,x24,1
Register Write to Reg: 0x18 Val: 0x00000009
[inst #658] bge x1,x24,-4
[inst #659] addi x24,x24,1
Register Write to Reg: 0x18 Val: 0x0000000A
[inst #660] bge x1,x24,-4
[inst #661] addi x24,x24,1
Register Write to Reg: 0x18 Val: 0x0000000B
[inst #662] bge x1,x24,-4
[inst #663] addi x24,x24,1
Register Write to Reg: 0x18 Val: 0x0000000C
[inst #664] bge x1,x24,-4
[inst #665] addi x24,x24,1
Register Write to Reg: 0x18 Val: 0x0000000D
[inst #666] bge x1,x24,-4
[inst #667] addi x24,x24,1
Register Write to Reg: 0x18 Val: 0x0000000E
[inst #668] bge x1,x24,-4
[inst #669] addi x24,x24,1
Register Write to Reg: 0x18 Val: 0x0000000F
[inst #670] bge x1,x24,-4
[inst #671] addi x24,x24,1
Register Write to Reg: 0x18 Val: 0x00000010
[inst #672] bge x1,x24,-4
[inst #673] addi x24,x24,1
Register Write to Reg: 0x18 Val: 0x00000011
[inst #674] bge x1,x24,-4
[inst #675] addi x24,x24,1
Register Write to Reg: 0x18 Val: 0x00000012
[inst #676] bge x1,x24,-4
[inst #677] addi x24,x24,1
Register Write to Reg: 0x18 Val: 0x00000013
[inst #678] bge x1,x24,-4
[inst #679] addi x24,x24,1
Register Write to Reg: 0x18 Val: 0x00000014
[inst #680] bge x1,x24,-4
[inst #681] addi x24,x24,1
Register Write to Reg: 0x18 Val: 0x00000015
[inst #682] bge x1,x24,-4
[inst #683] addi x24,x24,1
Register Write to Reg: 0x18 Val: 0x00000016
[inst #684] bge x1,x24,-4
[inst #685] addi x24,x24,1
Register Write to Reg: 0x18 Val: 0x00000017
[inst #686] bge x1,x24,-4
[inst #687] addi x24,x24,1
Register Write to Reg: 0x18 Val: 0x00000018
[inst #688] bge x1,x24,-4
[inst #689] addi x24,x24,1
Register Write to Reg: 0x18 Val: 0x00000019
[inst #690] bge x1,x24,-4
[inst #691] addi x1,x1,1
Register Write to Reg: 0x01 Val: 0x00000019
[inst #692] sub x25,x25,x25
Register Write to Reg: 0x19 Val: 0x00000000
[inst #693] addi x25,x25,1
Register Write to Reg: 0x19 Val: 0x00000001
[inst #694] bge x1,x25,-4
[inst #695] addi x25,x25,1
Register Write to Reg: 0x19 Val: 0x00000002
[inst #696] bge x1,x25,-4
[inst #697] addi x25,x25,1
Register Write to Reg: 0x19 Val: 0x00000003
[inst #698] bge x1,x25,-4
[inst #699] addi x25,x25,1
Register Write to Reg: 0x19 Val: 0x00000004
[inst #700] bge x1,x25,-4
[inst #701] addi x25,x25,1
Register Write to Reg: 0x19 Val: 0x00000005
[inst #702] bge x1,x25,-4
[inst #703] addi x25,x25,1
Register Write to Reg: 0x19 Val: 0x00000006
[inst #704] bge x1,x25,-4
[inst #705] addi x25,x25,1
Register Write to Reg: 0x19 Val: 0x00000007
[inst #706] bge x1,x25,-4
[inst #707] addi x25,x25,1
Register Write to Reg: 0x19 Val: 0x00000008
[inst #708] bge x1,x25,-4
[inst #709] addi x25,x25,1
Register Write to Reg: 0x19 Val: 0x00000009
[inst #710] bge x1,x25,-4
[inst #711] addi x25,x25,1
Register Write to Reg: 0x19 Val: 0x0000000A
[inst #712] bge x1,x25,-4
[inst #713] addi x25,x25,1
Register Write to Reg: 0x19 Val: 0x0000000B
[inst #714] bge x1,x25,-4
[inst #715] addi x25,x25,1
Register Write to Reg: 0x19 Val: 0x0000000C
[inst #716] bge x1,x25,-4
[inst #717] addi x25,x25,1
Register Write to Reg: 0x19 Val: 0x0000000D
[inst #718] bge x1,x25,-4
[inst #719] addi x25,x25,1
Register Write to Reg: 0x19 Val: 0x0000000E
[inst #720] bge x1,x25,-4
[inst #721] addi x25,x25,1
Register Write to Reg: 0x19 Val: 0x0000000F
[inst #722] bge x1,x25,-4
[inst #723] addi x25,x25,1
Register Write to Reg: 0x19 Val: 0x00000010
[inst #724] bge x1,x25,-4
[inst #725] addi x25,x25,1
Register Write to Reg: 0x19 Val: 0x00000011
[inst #726] bge x1,x25,-4
[inst #727] addi x25,x25,1
Register Write to Reg: 0x19 Val: 0x00000012
[inst #728] bge x1,x25,-4
[inst #729] addi x25,x25,1
Register Write to Reg: 0x19 Val: 0x00000013
[inst #730] bge x1,x25,-4
[inst #731] addi x25,x25,1
Register Write to Reg: 0x19 Val: 0x00000014
[inst #732] bge x1,x25,-4
[inst #733] addi x25,x25,1
Register Write to Reg: 0x19 Val: 0x00000015
[inst #734] bge x1,x25,-4
[inst #735] addi x25,x25,1
Register Write to Reg: 0x19 Val: 0x00000016
[inst #736] bge x1,x25,-4
[inst #737] addi x25,x25,1
Register Write to Reg: 0x19 Val: 0x00000017
[inst #738] bge x1,x25,-4
[inst #739] addi x25,x25,1
Register Write to Reg: 0x19 Val: 0x00000018
[inst #740] bge x1,x25,-4
[inst #741] addi x25,x25,1
Register Write to Reg: 0x19 Val: 0x00000019
[inst #742] bge x1,x25,-4
[inst #743] addi x25,x25,1
Register Write to Reg: 0x19 Val: 0x0000001A
[inst #744] bge x1,x25,-4
[inst #745] addi x26,x0,1
Register Write to Reg: 0x1A Val: 0x00000001
[inst #746] bge x0,x0,8
[inst #747] addi x27,x0,1
Register Write to Reg: 0x1B Val: 0x00000001
[inst #748] bge x0,x27,8
[inst #749] addi x27,x27,1055
Register Write to Reg: 0x1B Val: 0x00000420
[inst #750] addi x28,x0,-1
Register Write to Reg: 0x1C Val: 0xFFFFFFFF
[inst #751] addi x29,x0,-2
Register Write to Reg: 0x1D Val: 0xFFFFFFFE
[inst #752] bge x28,x29,8
[inst #753] addi x30,x0,-1
Register Write to Reg: 0x1E Val: 0xFFFFFFFF
[inst #754] addi x31,x0,1
Register Write to Reg: 0x1F Val: 0x00000001
[inst #755] bge x30,x31,8
[inst #756] addi x31,x31,531
Register Write to Reg: 0x1F Val: 0x00000214
[inst #757] wfi 

Program terminated by dropping off the bottom.
