In clock cycle: 0
Register Write to Reg: 0x01 Val: 0x00000007
In clock cycle: 2
Register Write to Reg: 0x0A Val: 0x00000001
In clock cycle: 3
Register Write to Reg: 0x03 Val: 0x00000001
In clock cycle: 5
Register Write to Reg: 0x01 Val: 0x00000000
In clock cycle: 7
Register Write to Reg: 0x01 Val: 0x0000000A
In clock cycle: 8
Register Write to Reg: 0x02 Val: 0x0000000A
In clock cycle: 10
Register Write to Reg: 0x01 Val: 0x00000037
In clock cycle: 11
Register Write to Reg: 0x02 Val: 0x00000037
In clock cycle: 12
Register Write to Reg: 0x03 Val: 0x00000000
In clock cycle: 16
Register Write to Reg: 0x0B Val: 0x00000001
Execution is stopping! Clock Cycle: 18
