[inst #1] addi x1,x0,7
Register Write to Reg: 0x01 Val: 0x00000007
[inst #2] beq x1,x0,8
[inst #3] addi x10,x0,1
Register Write to Reg: 0x0A Val: 0x00000001
[inst #4] addi x3,x0,1
Register Write to Reg: 0x03 Val: 0x00000001
[inst #5] beq x10,x3,8
[inst #6] addi x1,x0,0
Register Write to Reg: 0x01 Val: 0x00000000
[inst #7] beq x1,x0,8
[inst #8] addi x1,x0,10
Register Write to Reg: 0x01 Val: 0x0000000A
[inst #9] addi x2,x0,10
Register Write to Reg: 0x02 Val: 0x0000000A
[inst #10] beq x0,x0,20
[inst #11] addi x1,x0,55
Register Write to Reg: 0x01 Val: 0x00000037
[inst #12] addi x2,x0,55
Register Write to Reg: 0x02 Val: 0x00000037
[inst #13] sub x3,x1,x2
Register Write to Reg: 0x03 Val: 0x00000000
[inst #14] beq x3,x0,8
[inst #15] beq x0,x0,-36
[inst #16] beq x1,x2,8
[inst #17] addi x11,x0,1
Register Write to Reg: 0x0B Val: 0x00000001
[inst #18] beq x0,x0,28
[inst #19] wfi 

Program terminated by dropping off the bottom.
