In clock cycle: 0
Register Write to Reg: 0x01 Val: 0x00000005
In clock cycle: 1
Register Write to Reg: 0x02 Val: 0x0000000A
In clock cycle: 2
Register Write to Reg: 0x03 Val: 0x0000000F
In clock cycle: 3
Register Write to Reg: 0x04 Val: 0x0000000A
In clock cycle: 4
Register Write to Reg: 0x05 Val: 0x10010000
In clock cycle: 5
Memory Write to Addr: 0x10010000 Val: 0x0000000F
In clock cycle: 6
Memory Write to Addr: 0x10010004 Val: 0x0000000A
In clock cycle: 7
Register Write to Reg: 0x06 Val: 0x0000000F
In clock cycle: 8
Register Write to Reg: 0x07 Val: 0x0000000A
In clock cycle: 9
Register Write to Reg: 0x08 Val: 0x00000019
Execution is stopping! Clock Cycle: 10
