[inst #1] addi x1,x0,5
Register Write to Reg: 0x01 Val: 0x00000005
[inst #2] addi x2,x0,10
Register Write to Reg: 0x02 Val: 0x0000000A
[inst #3] add x3,x1,x2
Register Write to Reg: 0x03 Val: 0x0000000F
[inst #4] add x4,x1,x1
Register Write to Reg: 0x04 Val: 0x0000000A
[inst #5] lui x5,65552
Register Write to Reg: 0x05 Val: 0x10010000
[inst #6] sw x3,0(x5)
Memory Write to Addr: 0x10010000 Val: 0x0000000F
[inst #7] sw x4,4(x5)
Memory Write to Addr: 0x10010004 Val: 0x0000000A
[inst #8] lw x6,0(x5)
Register Write to Reg: 0x06 Val: 0x0000000F
[inst #9] lw x7,4(x5)
Register Write to Reg: 0x07 Val: 0x0000000A
[inst #10] add x8,x6,x7
Register Write to Reg: 0x08 Val: 0x00000019
[inst #11] wfi 

Program terminated by dropping off the bottom.
