QuestaSim-64 vcom 2025.1_2 Compiler 2025.04 Apr  7 2025
Start time: 00:13:32 on Mar 31,2026
vcom -2008 -work internal/ModelSimContainer/work proj/src/RISCV_types.vhd internal/testpy/tb.vhd proj/src/RISCV_types.vhd proj/src/TopLevel/ALU.vhd proj/src/TopLevel/immGen.vhd proj/src/TopLevel/ALUCtl.vhd proj/src/TopLevel/RISCV_Processor.vhd proj/src/TopLevel/control.vhd proj/src/TopLevel/mem.vhd proj/src/TopLevel/Adder_Subtractor_N.vhd proj/src/TopLevel/barrelShifter.vhd proj/src/TopLevel/regfile.vhd proj/src/TopLevel/byteMd.vhd proj/src/TopLevel/reg_N.vhd proj/src/TopLevel/logicUnit.vhd proj/src/TopLevel/tb_ALU.vhd proj/src/TopLevel/dffg.vhd proj/src/TopLevel/bit_extender12_32.vhd proj/src/TopLevel/Gates/org2.vhd proj/src/TopLevel/Gates/andg2.vhd proj/src/TopLevel/Gates/xorg_N.vhd proj/src/TopLevel/Gates/xorg2.vhd proj/src/TopLevel/Gates/invg.vhd proj/src/TopLevel/Gates/org_N.vhd proj/src/TopLevel/Gates/inv_N.vhd proj/src/TopLevel/Gates/andg_N.vhd proj/src/TopLevel/Adder/fa.vhd proj/src/TopLevel/Adder/adder_N.vhd proj/src/TopLevel/Dataflow/mux2t1_N.vhd proj/src/TopLevel/Dataflow/decoder_5to32.vhd proj/src/TopLevel/Dataflow/mux_32to1_32bit.vhd proj/src/TopLevel/Dataflow/mux4t1_N.vhd 
-- Loading package STANDARD
-- Loading package TEXTIO
-- Loading package std_logic_1164
-- Compiling package RISCV_types
-- Compiling package body RISCV_types
-- Loading package RISCV_types
-- Loading package std_logic_textio
-- Loading package ENV
-- Compiling entity tb
-- Compiling architecture mixed of tb
** Warning: proj/src/RISCV_types.vhd(15): (vcom-1615) Existing package 'RISCV_types' at line 18 will be overwritten.
-- Compiling package RISCV_types
** Warning: proj/src/RISCV_types.vhd(32): (vcom-1615) Existing package body 'RISCV_types(body)' at line 32 will be overwritten.
-- Compiling package body RISCV_types
-- Loading package RISCV_types
-- Loading package NUMERIC_STD
-- Loading package ATTRIBUTES
-- Loading package std_logic_misc
-- Loading package RISCV_types
-- Compiling entity ALU
-- Compiling architecture structure of ALU
** Error (suppressible): proj/src/TopLevel/ALU.vhd(205): (vcom-1141) Identifier "org2" does not identify a component declaration.
** Note: proj/src/TopLevel/ALU.vhd(246): VHDL Compiler exiting
End time: 00:13:32 on Mar 31,2026, Elapsed time: 0:00:00
Errors: 1, Warnings: 2
